{"C:\\Users\\lucia\\OneDrive\\Documentos\\home-services-app\\DomestiApp\\backend\\controllers\\adminController.js": {"path":"C:\\Users\\lucia\\OneDrive\\Documentos\\home-services-app\\DomestiApp\\backend\\controllers\\adminController.js","statementMap":{"0":{"start":{"line":4,"column":30},"end":{"line":8,"column":1}},"1":{"start":{"line":5,"column":2},"end":{"line":5,"column":18}},"2":{"start":{"line":6,"column":16},"end":{"line":6,"column":82}},"3":{"start":{"line":6,"column":73},"end":{"line":6,"column":81}},"4":{"start":{"line":7,"column":2},"end":{"line":7,"column":18}},"5":{"start":{"line":11,"column":26},"end":{"line":20,"column":1}},"6":{"start":{"line":12,"column":31},"end":{"line":12,"column":39}},"7":{"start":{"line":13,"column":2},"end":{"line":13,"column":18}},"8":{"start":{"line":14,"column":15},"end":{"line":14,"column":55}},"9":{"start":{"line":14,"column":39},"end":{"line":14,"column":54}},"10":{"start":{"line":15,"column":2},"end":{"line":15,"column":77}},"11":{"start":{"line":15,"column":13},"end":{"line":15,"column":77}},"12":{"start":{"line":17,"column":2},"end":{"line":17,"column":22}},"13":{"start":{"line":18,"column":2},"end":{"line":18,"column":19}},"14":{"start":{"line":19,"column":2},"end":{"line":19,"column":49}},"15":{"start":{"line":23,"column":35},"end":{"line":26,"column":1}},"16":{"start":{"line":24,"column":2},"end":{"line":24,"column":18}},"17":{"start":{"line":25,"column":2},"end":{"line":25,"column":33}},"18":{"start":{"line":29,"column":34},"end":{"line":32,"column":1}},"19":{"start":{"line":30,"column":2},"end":{"line":30,"column":18}},"20":{"start":{"line":31,"column":2},"end":{"line":31,"column":34}},"21":{"start":{"line":35,"column":38},"end":{"line":38,"column":1}},"22":{"start":{"line":36,"column":2},"end":{"line":36,"column":18}},"23":{"start":{"line":37,"column":2},"end":{"line":37,"column":42}},"24":{"start":{"line":41,"column":46},"end":{"line":55,"column":1}},"25":{"start":{"line":42,"column":33},"end":{"line":42,"column":41}},"26":{"start":{"line":43,"column":2},"end":{"line":43,"column":18}},"27":{"start":{"line":44,"column":19},"end":{"line":44,"column":75}},"28":{"start":{"line":44,"column":55},"end":{"line":44,"column":74}},"29":{"start":{"line":45,"column":2},"end":{"line":45,"column":82}},"30":{"start":{"line":45,"column":17},"end":{"line":45,"column":82}},"31":{"start":{"line":47,"column":18},"end":{"line":47,"column":85}},"32":{"start":{"line":48,"column":2},"end":{"line":50,"column":3}},"33":{"start":{"line":49,"column":4},"end":{"line":49,"column":62}},"34":{"start":{"line":52,"column":2},"end":{"line":52,"column":27}},"35":{"start":{"line":53,"column":2},"end":{"line":53,"column":19}},"36":{"start":{"line":54,"column":2},"end":{"line":54,"column":56}},"37":{"start":{"line":58,"column":29},"end":{"line":88,"column":1}},"38":{"start":{"line":59,"column":2},"end":{"line":59,"column":18}},"39":{"start":{"line":62,"column":16},"end":{"line":62,"column":75}},"40":{"start":{"line":62,"column":51},"end":{"line":62,"column":74}},"41":{"start":{"line":64,"column":18},"end":{"line":64,"column":20}},"42":{"start":{"line":66,"column":2},"end":{"line":85,"column":5}},"43":{"start":{"line":67,"column":4},"end":{"line":78,"column":5}},"44":{"start":{"line":68,"column":26},"end":{"line":68,"column":77}},"45":{"start":{"line":68,"column":52},"end":{"line":68,"column":76}},"46":{"start":{"line":69,"column":6},"end":{"line":77,"column":8}},"47":{"start":{"line":80,"column":4},"end":{"line":80,"column":58}},"48":{"start":{"line":81,"column":21},"end":{"line":81,"column":58}},"49":{"start":{"line":82,"column":4},"end":{"line":82,"column":55}},"50":{"start":{"line":83,"column":4},"end":{"line":83,"column":66}},"51":{"start":{"line":84,"column":4},"end":{"line":84,"column":48}},"52":{"start":{"line":87,"column":2},"end":{"line":87,"column":35}},"53":{"start":{"line":91,"column":31},"end":{"line":100,"column":1}},"54":{"start":{"line":92,"column":33},"end":{"line":92,"column":41}},"55":{"start":{"line":93,"column":2},"end":{"line":93,"column":18}},"56":{"start":{"line":94,"column":19},"end":{"line":94,"column":73}},"57":{"start":{"line":94,"column":53},"end":{"line":94,"column":72}},"58":{"start":{"line":95,"column":2},"end":{"line":95,"column":82}},"59":{"start":{"line":95,"column":17},"end":{"line":95,"column":82}},"60":{"start":{"line":97,"column":2},"end":{"line":97,"column":27}},"61":{"start":{"line":98,"column":2},"end":{"line":98,"column":19}},"62":{"start":{"line":99,"column":2},"end":{"line":99,"column":54}}},"fnMap":{"0":{"name":"(anonymous_0)","decl":{"start":{"line":4,"column":30},"end":{"line":4,"column":31}},"loc":{"start":{"line":4,"column":50},"end":{"line":8,"column":1}},"line":4},"1":{"name":"(anonymous_1)","decl":{"start":{"line":6,"column":42},"end":{"line":6,"column":43}},"loc":{"start":{"line":6,"column":73},"end":{"line":6,"column":81}},"line":6},"2":{"name":"(anonymous_2)","decl":{"start":{"line":11,"column":26},"end":{"line":11,"column":27}},"loc":{"start":{"line":11,"column":46},"end":{"line":20,"column":1}},"line":11},"3":{"name":"(anonymous_3)","decl":{"start":{"line":14,"column":34},"end":{"line":14,"column":35}},"loc":{"start":{"line":14,"column":39},"end":{"line":14,"column":54}},"line":14},"4":{"name":"(anonymous_4)","decl":{"start":{"line":23,"column":35},"end":{"line":23,"column":36}},"loc":{"start":{"line":23,"column":55},"end":{"line":26,"column":1}},"line":23},"5":{"name":"(anonymous_5)","decl":{"start":{"line":29,"column":34},"end":{"line":29,"column":35}},"loc":{"start":{"line":29,"column":54},"end":{"line":32,"column":1}},"line":29},"6":{"name":"(anonymous_6)","decl":{"start":{"line":35,"column":38},"end":{"line":35,"column":39}},"loc":{"start":{"line":35,"column":58},"end":{"line":38,"column":1}},"line":35},"7":{"name":"(anonymous_7)","decl":{"start":{"line":41,"column":46},"end":{"line":41,"column":47}},"loc":{"start":{"line":41,"column":66},"end":{"line":55,"column":1}},"line":41},"8":{"name":"(anonymous_8)","decl":{"start":{"line":44,"column":48},"end":{"line":44,"column":49}},"loc":{"start":{"line":44,"column":55},"end":{"line":44,"column":74}},"line":44},"9":{"name":"(anonymous_9)","decl":{"start":{"line":58,"column":29},"end":{"line":58,"column":30}},"loc":{"start":{"line":58,"column":49},"end":{"line":88,"column":1}},"line":58},"10":{"name":"(anonymous_10)","decl":{"start":{"line":62,"column":44},"end":{"line":62,"column":45}},"loc":{"start":{"line":62,"column":51},"end":{"line":62,"column":74}},"line":62},"11":{"name":"(anonymous_11)","decl":{"start":{"line":66,"column":16},"end":{"line":66,"column":17}},"loc":{"start":{"line":66,"column":23},"end":{"line":85,"column":3}},"line":66},"12":{"name":"(anonymous_12)","decl":{"start":{"line":68,"column":45},"end":{"line":68,"column":46}},"loc":{"start":{"line":68,"column":52},"end":{"line":68,"column":76}},"line":68},"13":{"name":"(anonymous_13)","decl":{"start":{"line":91,"column":31},"end":{"line":91,"column":32}},"loc":{"start":{"line":91,"column":51},"end":{"line":100,"column":1}},"line":91},"14":{"name":"(anonymous_14)","decl":{"start":{"line":94,"column":48},"end":{"line":94,"column":49}},"loc":{"start":{"line":94,"column":53},"end":{"line":94,"column":72}},"line":94}},"branchMap":{"0":{"loc":{"start":{"line":6,"column":17},"end":{"line":6,"column":36}},"type":"binary-expr","locations":[{"start":{"line":6,"column":17},"end":{"line":6,"column":30}},{"start":{"line":6,"column":34},"end":{"line":6,"column":36}}],"line":6},"1":{"loc":{"start":{"line":15,"column":2},"end":{"line":15,"column":77}},"type":"if","locations":[{"start":{"line":15,"column":2},"end":{"line":15,"column":77}},{"start":{},"end":{}}],"line":15},"2":{"loc":{"start":{"line":31,"column":11},"end":{"line":31,"column":32}},"type":"binary-expr","locations":[{"start":{"line":31,"column":11},"end":{"line":31,"column":26}},{"start":{"line":31,"column":30},"end":{"line":31,"column":32}}],"line":31},"3":{"loc":{"start":{"line":37,"column":11},"end":{"line":37,"column":40}},"type":"binary-expr","locations":[{"start":{"line":37,"column":11},"end":{"line":37,"column":34}},{"start":{"line":37,"column":38},"end":{"line":37,"column":40}}],"line":37},"4":{"loc":{"start":{"line":45,"column":2},"end":{"line":45,"column":82}},"type":"if","locations":[{"start":{"line":45,"column":2},"end":{"line":45,"column":82}},{"start":{},"end":{}}],"line":45},"5":{"loc":{"start":{"line":48,"column":2},"end":{"line":50,"column":3}},"type":"if","locations":[{"start":{"line":48,"column":2},"end":{"line":50,"column":3}},{"start":{},"end":{}}],"line":48},"6":{"loc":{"start":{"line":67,"column":4},"end":{"line":78,"column":5}},"type":"if","locations":[{"start":{"line":67,"column":4},"end":{"line":78,"column":5}},{"start":{},"end":{}}],"line":67},"7":{"loc":{"start":{"line":71,"column":16},"end":{"line":71,"column":42}},"type":"binary-expr","locations":[{"start":{"line":71,"column":16},"end":{"line":71,"column":35}},{"start":{"line":71,"column":39},"end":{"line":71,"column":42}}],"line":71},"8":{"loc":{"start":{"line":72,"column":15},"end":{"line":72,"column":40}},"type":"binary-expr","locations":[{"start":{"line":72,"column":15},"end":{"line":72,"column":33}},{"start":{"line":72,"column":37},"end":{"line":72,"column":40}}],"line":72},"9":{"loc":{"start":{"line":81,"column":21},"end":{"line":81,"column":58}},"type":"binary-expr","locations":[{"start":{"line":81,"column":21},"end":{"line":81,"column":36}},{"start":{"line":81,"column":40},"end":{"line":81,"column":58}}],"line":81},"10":{"loc":{"start":{"line":95,"column":2},"end":{"line":95,"column":82}},"type":"if","locations":[{"start":{"line":95,"column":2},"end":{"line":95,"column":82}},{"start":{},"end":{}}],"line":95}},"s":{"0":0,"1":0,"2":0,"3":0,"4":0,"5":0,"6":0,"7":0,"8":0,"9":0,"10":0,"11":0,"12":0,"13":0,"14":0,"15":0,"16":0,"17":0,"18":0,"19":0,"20":0,"21":0,"22":0,"23":0,"24":0,"25":0,"26":0,"27":0,"28":0,"29":0,"30":0,"31":0,"32":0,"33":0,"34":0,"35":0,"36":0,"37":0,"38":0,"39":0,"40":0,"41":0,"42":0,"43":0,"44":0,"45":0,"46":0,"47":0,"48":0,"49":0,"50":0,"51":0,"52":0,"53":0,"54":0,"55":0,"56":0,"57":0,"58":0,"59":0,"60":0,"61":0,"62":0},"f":{"0":0,"1":0,"2":0,"3":0,"4":0,"5":0,"6":0,"7":0,"8":0,"9":0,"10":0,"11":0,"12":0,"13":0,"14":0},"b":{"0":[0,0],"1":[0,0],"2":[0,0],"3":[0,0],"4":[0,0],"5":[0,0],"6":[0,0],"7":[0,0],"8":[0,0],"9":[0,0],"10":[0,0]}}
,"C:\\Users\\lucia\\OneDrive\\Documentos\\home-services-app\\DomestiApp\\backend\\controllers\\chatController.js": {"path":"C:\\Users\\lucia\\OneDrive\\Documentos\\home-services-app\\DomestiApp\\backend\\controllers\\chatController.js","statementMap":{"0":{"start":{"line":4,"column":26},"end":{"line":11,"column":1}},"1":{"start":{"line":5,"column":2},"end":{"line":5,"column":29}},"2":{"start":{"line":5,"column":16},"end":{"line":5,"column":29}},"3":{"start":{"line":6,"column":21},"end":{"line":6,"column":51}},"4":{"start":{"line":7,"column":2},"end":{"line":7,"column":32}},"5":{"start":{"line":7,"column":19},"end":{"line":7,"column":32}},"6":{"start":{"line":8,"column":24},"end":{"line":8,"column":65}},"7":{"start":{"line":9,"column":2},"end":{"line":9,"column":60}},"8":{"start":{"line":9,"column":47},"end":{"line":9,"column":60}},"9":{"start":{"line":10,"column":2},"end":{"line":10,"column":74}},"10":{"start":{"line":14,"column":36},"end":{"line":36,"column":1}},"11":{"start":{"line":15,"column":2},"end":{"line":35,"column":3}},"12":{"start":{"line":16,"column":26},"end":{"line":16,"column":36}},"13":{"start":{"line":17,"column":19},"end":{"line":17,"column":30}},"14":{"start":{"line":19,"column":4},"end":{"line":19,"column":20}},"15":{"start":{"line":20,"column":20},"end":{"line":20,"column":73}},"16":{"start":{"line":20,"column":54},"end":{"line":20,"column":72}},"17":{"start":{"line":22,"column":4},"end":{"line":24,"column":5}},"18":{"start":{"line":23,"column":6},"end":{"line":23,"column":71}},"19":{"start":{"line":27,"column":4},"end":{"line":29,"column":5}},"20":{"start":{"line":28,"column":6},"end":{"line":28,"column":86}},"21":{"start":{"line":31,"column":21},"end":{"line":31,"column":77}},"22":{"start":{"line":31,"column":50},"end":{"line":31,"column":76}},"23":{"start":{"line":32,"column":4},"end":{"line":32,"column":23}},"24":{"start":{"line":34,"column":4},"end":{"line":34,"column":65}},"25":{"start":{"line":39,"column":27},"end":{"line":76,"column":1}},"26":{"start":{"line":40,"column":2},"end":{"line":75,"column":3}},"27":{"start":{"line":41,"column":54},"end":{"line":41,"column":62}},"28":{"start":{"line":42,"column":24},"end":{"line":42,"column":35}},"29":{"start":{"line":44,"column":4},"end":{"line":44,"column":20}},"30":{"start":{"line":45,"column":20},"end":{"line":45,"column":74}},"31":{"start":{"line":45,"column":54},"end":{"line":45,"column":73}},"32":{"start":{"line":47,"column":4},"end":{"line":49,"column":5}},"33":{"start":{"line":48,"column":6},"end":{"line":48,"column":71}},"34":{"start":{"line":52,"column":4},"end":{"line":54,"column":5}},"35":{"start":{"line":53,"column":6},"end":{"line":53,"column":86}},"36":{"start":{"line":57,"column":27},"end":{"line":57,"column":104}},"37":{"start":{"line":59,"column":23},"end":{"line":67,"column":6}},"38":{"start":{"line":69,"column":4},"end":{"line":69,"column":38}},"39":{"start":{"line":70,"column":4},"end":{"line":70,"column":21}},"40":{"start":{"line":72,"column":4},"end":{"line":72,"column":37}},"41":{"start":{"line":74,"column":4},"end":{"line":74,"column":63}},"42":{"start":{"line":79,"column":36},"end":{"line":113,"column":1}},"43":{"start":{"line":80,"column":2},"end":{"line":112,"column":3}},"44":{"start":{"line":81,"column":19},"end":{"line":81,"column":30}},"45":{"start":{"line":83,"column":4},"end":{"line":83,"column":20}},"46":{"start":{"line":86,"column":25},"end":{"line":88,"column":5}},"47":{"start":{"line":87,"column":6},"end":{"line":87,"column":58}},"48":{"start":{"line":90,"column":26},"end":{"line":107,"column":6}},"49":{"start":{"line":91,"column":26},"end":{"line":93,"column":65}},"50":{"start":{"line":92,"column":21},"end":{"line":92,"column":48}},"51":{"start":{"line":93,"column":24},"end":{"line":93,"column":61}},"52":{"start":{"line":95,"column":6},"end":{"line":106,"column":8}},"53":{"start":{"line":102,"column":10},"end":{"line":104,"column":18}},"54":{"start":{"line":109,"column":4},"end":{"line":109,"column":28}},"55":{"start":{"line":111,"column":4},"end":{"line":111,"column":71}}},"fnMap":{"0":{"name":"(anonymous_0)","decl":{"start":{"line":4,"column":26},"end":{"line":4,"column":27}},"loc":{"start":{"line":4,"column":47},"end":{"line":11,"column":1}},"line":4},"1":{"name":"(anonymous_1)","decl":{"start":{"line":14,"column":36},"end":{"line":14,"column":37}},"loc":{"start":{"line":14,"column":56},"end":{"line":36,"column":1}},"line":14},"2":{"name":"(anonymous_2)","decl":{"start":{"line":20,"column":49},"end":{"line":20,"column":50}},"loc":{"start":{"line":20,"column":54},"end":{"line":20,"column":72}},"line":20},"3":{"name":"(anonymous_3)","decl":{"start":{"line":31,"column":45},"end":{"line":31,"column":46}},"loc":{"start":{"line":31,"column":50},"end":{"line":31,"column":76}},"line":31},"4":{"name":"(anonymous_4)","decl":{"start":{"line":39,"column":27},"end":{"line":39,"column":28}},"loc":{"start":{"line":39,"column":47},"end":{"line":76,"column":1}},"line":39},"5":{"name":"(anonymous_5)","decl":{"start":{"line":45,"column":49},"end":{"line":45,"column":50}},"loc":{"start":{"line":45,"column":54},"end":{"line":45,"column":73}},"line":45},"6":{"name":"(anonymous_6)","decl":{"start":{"line":79,"column":36},"end":{"line":79,"column":37}},"loc":{"start":{"line":79,"column":56},"end":{"line":113,"column":1}},"line":79},"7":{"name":"(anonymous_7)","decl":{"start":{"line":86,"column":56},"end":{"line":86,"column":57}},"loc":{"start":{"line":87,"column":6},"end":{"line":87,"column":58}},"line":87},"8":{"name":"(anonymous_8)","decl":{"start":{"line":90,"column":43},"end":{"line":90,"column":44}},"loc":{"start":{"line":90,"column":54},"end":{"line":107,"column":5}},"line":90},"9":{"name":"(anonymous_9)","decl":{"start":{"line":92,"column":16},"end":{"line":92,"column":17}},"loc":{"start":{"line":92,"column":21},"end":{"line":92,"column":48}},"line":92},"10":{"name":"(anonymous_10)","decl":{"start":{"line":93,"column":14},"end":{"line":93,"column":15}},"loc":{"start":{"line":93,"column":24},"end":{"line":93,"column":61}},"line":93},"11":{"name":"(anonymous_11)","decl":{"start":{"line":101,"column":45},"end":{"line":101,"column":46}},"loc":{"start":{"line":102,"column":10},"end":{"line":104,"column":18}},"line":102}},"branchMap":{"0":{"loc":{"start":{"line":5,"column":2},"end":{"line":5,"column":29}},"type":"if","locations":[{"start":{"line":5,"column":2},"end":{"line":5,"column":29}},{"start":{},"end":{}}],"line":5},"1":{"loc":{"start":{"line":7,"column":2},"end":{"line":7,"column":32}},"type":"if","locations":[{"start":{"line":7,"column":2},"end":{"line":7,"column":32}},{"start":{},"end":{}}],"line":7},"2":{"loc":{"start":{"line":9,"column":2},"end":{"line":9,"column":60}},"type":"if","locations":[{"start":{"line":9,"column":2},"end":{"line":9,"column":60}},{"start":{},"end":{}}],"line":9},"3":{"loc":{"start":{"line":10,"column":9},"end":{"line":10,"column":73}},"type":"binary-expr","locations":[{"start":{"line":10,"column":9},"end":{"line":10,"column":37}},{"start":{"line":10,"column":41},"end":{"line":10,"column":73}}],"line":10},"4":{"loc":{"start":{"line":22,"column":4},"end":{"line":24,"column":5}},"type":"if","locations":[{"start":{"line":22,"column":4},"end":{"line":24,"column":5}},{"start":{},"end":{}}],"line":22},"5":{"loc":{"start":{"line":27,"column":4},"end":{"line":29,"column":5}},"type":"if","locations":[{"start":{"line":27,"column":4},"end":{"line":29,"column":5}},{"start":{},"end":{}}],"line":27},"6":{"loc":{"start":{"line":41,"column":35},"end":{"line":41,"column":49}},"type":"default-arg","locations":[{"start":{"line":41,"column":42},"end":{"line":41,"column":49}}],"line":41},"7":{"loc":{"start":{"line":47,"column":4},"end":{"line":49,"column":5}},"type":"if","locations":[{"start":{"line":47,"column":4},"end":{"line":49,"column":5}},{"start":{},"end":{}}],"line":47},"8":{"loc":{"start":{"line":52,"column":4},"end":{"line":54,"column":5}},"type":"if","locations":[{"start":{"line":52,"column":4},"end":{"line":54,"column":5}},{"start":{},"end":{}}],"line":52},"9":{"loc":{"start":{"line":57,"column":27},"end":{"line":57,"column":104}},"type":"cond-expr","locations":[{"start":{"line":57,"column":63},"end":{"line":57,"column":84}},{"start":{"line":57,"column":87},"end":{"line":57,"column":104}}],"line":57},"10":{"loc":{"start":{"line":87,"column":6},"end":{"line":87,"column":58}},"type":"binary-expr","locations":[{"start":{"line":87,"column":6},"end":{"line":87,"column":28}},{"start":{"line":87,"column":32},"end":{"line":87,"column":58}}],"line":87},"11":{"loc":{"start":{"line":99,"column":21},"end":{"line":99,"column":93}},"type":"cond-expr","locations":[{"start":{"line":99,"column":52},"end":{"line":99,"column":73}},{"start":{"line":99,"column":76},"end":{"line":99,"column":93}}],"line":99},"12":{"loc":{"start":{"line":100,"column":21},"end":{"line":100,"column":40}},"type":"binary-expr","locations":[{"start":{"line":100,"column":21},"end":{"line":100,"column":32}},{"start":{"line":100,"column":36},"end":{"line":100,"column":40}}],"line":100},"13":{"loc":{"start":{"line":102,"column":10},"end":{"line":104,"column":18}},"type":"binary-expr","locations":[{"start":{"line":102,"column":10},"end":{"line":102,"column":37}},{"start":{"line":103,"column":10},"end":{"line":103,"column":37}},{"start":{"line":104,"column":10},"end":{"line":104,"column":18}}],"line":102}},"s":{"0":0,"1":0,"2":0,"3":0,"4":0,"5":0,"6":0,"7":0,"8":0,"9":0,"10":0,"11":0,"12":0,"13":0,"14":0,"15":0,"16":0,"17":0,"18":0,"19":0,"20":0,"21":0,"22":0,"23":0,"24":0,"25":0,"26":0,"27":0,"28":0,"29":0,"30":0,"31":0,"32":0,"33":0,"34":0,"35":0,"36":0,"37":0,"38":0,"39":0,"40":0,"41":0,"42":0,"43":0,"44":0,"45":0,"46":0,"47":0,"48":0,"49":0,"50":0,"51":0,"52":0,"53":0,"54":0,"55":0},"f":{"0":0,"1":0,"2":0,"3":0,"4":0,"5":0,"6":0,"7":0,"8":0,"9":0,"10":0,"11":0},"b":{"0":[0,0],"1":[0,0],"2":[0,0],"3":[0,0],"4":[0,0],"5":[0,0],"6":[0],"7":[0,0],"8":[0,0],"9":[0,0],"10":[0,0],"11":[0,0],"12":[0,0],"13":[0,0,0]}}
,"C:\\Users\\lucia\\OneDrive\\Documentos\\home-services-app\\DomestiApp\\backend\\controllers\\paymentController.js": {"path":"C:\\Users\\lucia\\OneDrive\\Documentos\\home-services-app\\DomestiApp\\backend\\controllers\\paymentController.js","statementMap":{"0":{"start":{"line":4,"column":27},"end":{"line":4,"column":84}},"1":{"start":{"line":4,"column":33},"end":{"line":4,"column":84}},"2":{"start":{"line":5,"column":26},"end":{"line":5,"column":82}},"3":{"start":{"line":5,"column":32},"end":{"line":5,"column":82}},"4":{"start":{"line":7,"column":29},"end":{"line":14,"column":1}},"5":{"start":{"line":8,"column":22},"end":{"line":8,"column":49}},"6":{"start":{"line":9,"column":2},"end":{"line":9,"column":32}},"7":{"start":{"line":9,"column":20},"end":{"line":9,"column":32}},"8":{"start":{"line":11,"column":22},"end":{"line":11,"column":59}},"9":{"start":{"line":12,"column":2},"end":{"line":12,"column":55}},"10":{"start":{"line":13,"column":2},"end":{"line":13,"column":21}},"11":{"start":{"line":16,"column":25},"end":{"line":71,"column":1}},"12":{"start":{"line":17,"column":63},"end":{"line":17,"column":71}},"13":{"start":{"line":19,"column":24},"end":{"line":19,"column":41}},"14":{"start":{"line":20,"column":27},"end":{"line":20,"column":53}},"15":{"start":{"line":22,"column":27},"end":{"line":32,"column":4}},"16":{"start":{"line":34,"column":2},"end":{"line":34,"column":18}},"17":{"start":{"line":35,"column":2},"end":{"line":35,"column":46}},"18":{"start":{"line":36,"column":2},"end":{"line":36,"column":19}},"19":{"start":{"line":38,"column":2},"end":{"line":70,"column":3}},"20":{"start":{"line":39,"column":15},"end":{"line":39,"column":43}},"21":{"start":{"line":40,"column":4},"end":{"line":42,"column":5}},"22":{"start":{"line":41,"column":6},"end":{"line":41,"column":101}},"23":{"start":{"line":44,"column":23},"end":{"line":61,"column":6}},"24":{"start":{"line":63,"column":4},"end":{"line":67,"column":7}},"25":{"start":{"line":69,"column":4},"end":{"line":69,"column":83}},"26":{"start":{"line":73,"column":36},"end":{"line":89,"column":1}},"27":{"start":{"line":74,"column":21},"end":{"line":74,"column":31}},"28":{"start":{"line":75,"column":4},"end":{"line":77,"column":5}},"29":{"start":{"line":76,"column":6},"end":{"line":76,"column":91}},"30":{"start":{"line":80,"column":2},"end":{"line":88,"column":3}},"31":{"start":{"line":81,"column":4},"end":{"line":81,"column":20}},"32":{"start":{"line":82,"column":25},"end":{"line":84,"column":5}},"33":{"start":{"line":83,"column":6},"end":{"line":83,"column":58}},"34":{"start":{"line":85,"column":4},"end":{"line":85,"column":27}},"35":{"start":{"line":87,"column":4},"end":{"line":87,"column":70}},"36":{"start":{"line":91,"column":29},"end":{"line":173,"column":1}},"37":{"start":{"line":92,"column":25},"end":{"line":92,"column":33}},"38":{"start":{"line":93,"column":20},"end":{"line":93,"column":31}},"39":{"start":{"line":95,"column":2},"end":{"line":172,"column":3}},"40":{"start":{"line":96,"column":4},"end":{"line":96,"column":20}},"41":{"start":{"line":97,"column":20},"end":{"line":97,"column":74}},"42":{"start":{"line":97,"column":54},"end":{"line":97,"column":73}},"43":{"start":{"line":99,"column":4},"end":{"line":101,"column":5}},"44":{"start":{"line":100,"column":6},"end":{"line":100,"column":77}},"45":{"start":{"line":103,"column":4},"end":{"line":105,"column":5}},"46":{"start":{"line":104,"column":6},"end":{"line":104,"column":76}},"47":{"start":{"line":108,"column":32},"end":{"line":108,"column":91}},"48":{"start":{"line":108,"column":63},"end":{"line":108,"column":90}},"49":{"start":{"line":109,"column":4},"end":{"line":111,"column":5}},"50":{"start":{"line":110,"column":6},"end":{"line":110,"column":93}},"51":{"start":{"line":113,"column":23},"end":{"line":113,"column":49}},"52":{"start":{"line":115,"column":26},"end":{"line":115,"column":43}},"53":{"start":{"line":116,"column":29},"end":{"line":116,"column":55}},"54":{"start":{"line":118,"column":29},"end":{"line":128,"column":6}},"55":{"start":{"line":130,"column":4},"end":{"line":130,"column":48}},"56":{"start":{"line":131,"column":4},"end":{"line":131,"column":21}},"57":{"start":{"line":133,"column":15},"end":{"line":133,"column":43}},"58":{"start":{"line":134,"column":4},"end":{"line":144,"column":5}},"59":{"start":{"line":135,"column":6},"end":{"line":135,"column":43}},"60":{"start":{"line":136,"column":6},"end":{"line":136,"column":36}},"61":{"start":{"line":137,"column":6},"end":{"line":137,"column":50}},"62":{"start":{"line":138,"column":6},"end":{"line":138,"column":23}},"63":{"start":{"line":139,"column":6},"end":{"line":143,"column":9}},"64":{"start":{"line":146,"column":23},"end":{"line":163,"column":6}},"65":{"start":{"line":165,"column":4},"end":{"line":169,"column":7}},"66":{"start":{"line":171,"column":4},"end":{"line":171,"column":85}}},"fnMap":{"0":{"name":"(anonymous_0)","decl":{"start":{"line":4,"column":27},"end":{"line":4,"column":28}},"loc":{"start":{"line":4,"column":33},"end":{"line":4,"column":84}},"line":4},"1":{"name":"(anonymous_1)","decl":{"start":{"line":5,"column":26},"end":{"line":5,"column":27}},"loc":{"start":{"line":5,"column":32},"end":{"line":5,"column":82}},"line":5},"2":{"name":"(anonymous_2)","decl":{"start":{"line":7,"column":29},"end":{"line":7,"column":30}},"loc":{"start":{"line":7,"column":41},"end":{"line":14,"column":1}},"line":7},"3":{"name":"(anonymous_3)","decl":{"start":{"line":16,"column":25},"end":{"line":16,"column":26}},"loc":{"start":{"line":16,"column":45},"end":{"line":71,"column":1}},"line":16},"4":{"name":"(anonymous_4)","decl":{"start":{"line":73,"column":36},"end":{"line":73,"column":37}},"loc":{"start":{"line":73,"column":56},"end":{"line":89,"column":1}},"line":73},"5":{"name":"(anonymous_5)","decl":{"start":{"line":82,"column":53},"end":{"line":82,"column":54}},"loc":{"start":{"line":83,"column":6},"end":{"line":83,"column":58}},"line":83},"6":{"name":"(anonymous_6)","decl":{"start":{"line":91,"column":29},"end":{"line":91,"column":30}},"loc":{"start":{"line":91,"column":49},"end":{"line":173,"column":1}},"line":91},"7":{"name":"(anonymous_7)","decl":{"start":{"line":97,"column":49},"end":{"line":97,"column":50}},"loc":{"start":{"line":97,"column":54},"end":{"line":97,"column":73}},"line":97},"8":{"name":"(anonymous_8)","decl":{"start":{"line":108,"column":58},"end":{"line":108,"column":59}},"loc":{"start":{"line":108,"column":63},"end":{"line":108,"column":90}},"line":108}},"branchMap":{"0":{"loc":{"start":{"line":4,"column":33},"end":{"line":4,"column":84}},"type":"binary-expr","locations":[{"start":{"line":4,"column":33},"end":{"line":4,"column":57}},{"start":{"line":4,"column":61},"end":{"line":4,"column":84}}],"line":4},"1":{"loc":{"start":{"line":5,"column":32},"end":{"line":5,"column":82}},"type":"binary-expr","locations":[{"start":{"line":5,"column":32},"end":{"line":5,"column":55}},{"start":{"line":5,"column":59},"end":{"line":5,"column":82}}],"line":5},"2":{"loc":{"start":{"line":9,"column":2},"end":{"line":9,"column":32}},"type":"if","locations":[{"start":{"line":9,"column":2},"end":{"line":9,"column":32}},{"start":{},"end":{}}],"line":9},"3":{"loc":{"start":{"line":40,"column":4},"end":{"line":42,"column":5}},"type":"if","locations":[{"start":{"line":40,"column":4},"end":{"line":42,"column":5}},{"start":{},"end":{}}],"line":40},"4":{"loc":{"start":{"line":75,"column":4},"end":{"line":77,"column":5}},"type":"if","locations":[{"start":{"line":75,"column":4},"end":{"line":77,"column":5}},{"start":{},"end":{}}],"line":75},"5":{"loc":{"start":{"line":75,"column":8},"end":{"line":75,"column":58}},"type":"binary-expr","locations":[{"start":{"line":75,"column":8},"end":{"line":75,"column":32}},{"start":{"line":75,"column":36},"end":{"line":75,"column":58}}],"line":75},"6":{"loc":{"start":{"line":83,"column":6},"end":{"line":83,"column":58}},"type":"binary-expr","locations":[{"start":{"line":83,"column":6},"end":{"line":83,"column":28}},{"start":{"line":83,"column":32},"end":{"line":83,"column":58}}],"line":83},"7":{"loc":{"start":{"line":99,"column":4},"end":{"line":101,"column":5}},"type":"if","locations":[{"start":{"line":99,"column":4},"end":{"line":101,"column":5}},{"start":{},"end":{}}],"line":99},"8":{"loc":{"start":{"line":99,"column":8},"end":{"line":99,"column":86}},"type":"binary-expr","locations":[{"start":{"line":99,"column":8},"end":{"line":99,"column":16}},{"start":{"line":99,"column":20},"end":{"line":99,"column":51}},{"start":{"line":99,"column":55},"end":{"line":99,"column":86}}],"line":99},"9":{"loc":{"start":{"line":103,"column":4},"end":{"line":105,"column":5}},"type":"if","locations":[{"start":{"line":103,"column":4},"end":{"line":105,"column":5}},{"start":{},"end":{}}],"line":103},"10":{"loc":{"start":{"line":109,"column":4},"end":{"line":111,"column":5}},"type":"if","locations":[{"start":{"line":109,"column":4},"end":{"line":111,"column":5}},{"start":{},"end":{}}],"line":109},"11":{"loc":{"start":{"line":134,"column":4},"end":{"line":144,"column":5}},"type":"if","locations":[{"start":{"line":134,"column":4},"end":{"line":144,"column":5}},{"start":{},"end":{}}],"line":134}},"s":{"0":0,"1":0,"2":0,"3":0,"4":0,"5":0,"6":0,"7":0,"8":0,"9":0,"10":0,"11":0,"12":0,"13":0,"14":0,"15":0,"16":0,"17":0,"18":0,"19":0,"20":0,"21":0,"22":0,"23":0,"24":0,"25":0,"26":0,"27":0,"28":0,"29":0,"30":0,"31":0,"32":0,"33":0,"34":0,"35":0,"36":0,"37":0,"38":0,"39":0,"40":0,"41":0,"42":0,"43":0,"44":0,"45":0,"46":0,"47":0,"48":0,"49":0,"50":0,"51":0,"52":0,"53":0,"54":0,"55":0,"56":0,"57":0,"58":0,"59":0,"60":0,"61":0,"62":0,"63":0,"64":0,"65":0,"66":0},"f":{"0":0,"1":0,"2":0,"3":0,"4":0,"5":0,"6":0,"7":0,"8":0},"b":{"0":[0,0],"1":[0,0],"2":[0,0],"3":[0,0],"4":[0,0],"5":[0,0],"6":[0,0],"7":[0,0],"8":[0,0,0],"9":[0,0],"10":[0,0],"11":[0,0]}}
,"C:\\Users\\lucia\\OneDrive\\Documentos\\home-services-app\\DomestiApp\\backend\\controllers\\serviceController.js": {"path":"C:\\Users\\lucia\\OneDrive\\Documentos\\home-services-app\\DomestiApp\\backend\\controllers\\serviceController.js","statementMap":{"0":{"start":{"line":9,"column":36},"end":{"line":36,"column":1}},"1":{"start":{"line":10,"column":2},"end":{"line":35,"column":3}},"2":{"start":{"line":11,"column":29},"end":{"line":11,"column":67}},"3":{"start":{"line":13,"column":4},"end":{"line":16,"column":5}},"4":{"start":{"line":14,"column":23},"end":{"line":14,"column":58}},"5":{"start":{"line":14,"column":48},"end":{"line":14,"column":57}},"6":{"start":{"line":15,"column":6},"end":{"line":15,"column":77}},"7":{"start":{"line":18,"column":23},"end":{"line":21,"column":6}},"8":{"start":{"line":23,"column":4},"end":{"line":23,"column":20}},"9":{"start":{"line":24,"column":4},"end":{"line":24,"column":54}},"10":{"start":{"line":25,"column":4},"end":{"line":25,"column":21}},"11":{"start":{"line":27,"column":4},"end":{"line":27,"column":46}},"12":{"start":{"line":29,"column":4},"end":{"line":34,"column":9}},"13":{"start":{"line":39,"column":34},"end":{"line":97,"column":1}},"14":{"start":{"line":40,"column":2},"end":{"line":96,"column":3}},"15":{"start":{"line":41,"column":4},"end":{"line":41,"column":20}},"16":{"start":{"line":42,"column":19},"end":{"line":42,"column":48}},"17":{"start":{"line":45,"column":4},"end":{"line":47,"column":5}},"18":{"start":{"line":46,"column":6},"end":{"line":46,"column":71}},"19":{"start":{"line":46,"column":40},"end":{"line":46,"column":69}},"20":{"start":{"line":50,"column":4},"end":{"line":57,"column":5}},"21":{"start":{"line":51,"column":6},"end":{"line":56,"column":8}},"22":{"start":{"line":53,"column":10},"end":{"line":55,"column":59}},"23":{"start":{"line":60,"column":4},"end":{"line":62,"column":5}},"24":{"start":{"line":61,"column":6},"end":{"line":61,"column":69}},"25":{"start":{"line":61,"column":40},"end":{"line":61,"column":67}},"26":{"start":{"line":65,"column":4},"end":{"line":72,"column":5}},"27":{"start":{"line":66,"column":6},"end":{"line":71,"column":8}},"28":{"start":{"line":68,"column":10},"end":{"line":70,"column":35}},"29":{"start":{"line":74,"column":22},"end":{"line":74,"column":74}},"30":{"start":{"line":74,"column":63},"end":{"line":74,"column":72}},"31":{"start":{"line":75,"column":21},"end":{"line":79,"column":7}},"32":{"start":{"line":75,"column":42},"end":{"line":79,"column":5}},"33":{"start":{"line":82,"column":17},"end":{"line":82,"column":65}},"34":{"start":{"line":83,"column":18},"end":{"line":83,"column":83}},"35":{"start":{"line":84,"column":18},"end":{"line":84,"column":36}},"36":{"start":{"line":85,"column":16},"end":{"line":85,"column":29}},"37":{"start":{"line":87,"column":4},"end":{"line":93,"column":7}},"38":{"start":{"line":95,"column":4},"end":{"line":95,"column":90}},"39":{"start":{"line":100,"column":37},"end":{"line":133,"column":1}},"40":{"start":{"line":101,"column":2},"end":{"line":132,"column":3}},"41":{"start":{"line":102,"column":4},"end":{"line":102,"column":20}},"42":{"start":{"line":103,"column":20},"end":{"line":103,"column":80}},"43":{"start":{"line":103,"column":57},"end":{"line":103,"column":79}},"44":{"start":{"line":105,"column":4},"end":{"line":107,"column":5}},"45":{"start":{"line":106,"column":6},"end":{"line":106,"column":72}},"46":{"start":{"line":110,"column":4},"end":{"line":117,"column":5}},"47":{"start":{"line":114,"column":6},"end":{"line":116,"column":66}},"48":{"start":{"line":119,"column":4},"end":{"line":127,"column":5}},"49":{"start":{"line":124,"column":6},"end":{"line":126,"column":66}},"50":{"start":{"line":129,"column":4},"end":{"line":129,"column":22}},"51":{"start":{"line":131,"column":4},"end":{"line":131,"column":88}},"52":{"start":{"line":136,"column":36},"end":{"line":172,"column":1}},"53":{"start":{"line":137,"column":2},"end":{"line":171,"column":3}},"54":{"start":{"line":138,"column":4},"end":{"line":140,"column":5}},"55":{"start":{"line":139,"column":6},"end":{"line":139,"column":102}},"56":{"start":{"line":142,"column":67},"end":{"line":142,"column":75}},"57":{"start":{"line":144,"column":4},"end":{"line":144,"column":20}},"58":{"start":{"line":145,"column":20},"end":{"line":145,"column":79}},"59":{"start":{"line":145,"column":56},"end":{"line":145,"column":78}},"60":{"start":{"line":147,"column":4},"end":{"line":149,"column":5}},"61":{"start":{"line":148,"column":6},"end":{"line":148,"column":72}},"62":{"start":{"line":151,"column":4},"end":{"line":155,"column":5}},"63":{"start":{"line":152,"column":6},"end":{"line":154,"column":65}},"64":{"start":{"line":158,"column":4},"end":{"line":158,"column":83}},"65":{"start":{"line":159,"column":4},"end":{"line":161,"column":5}},"66":{"start":{"line":160,"column":6},"end":{"line":160,"column":97}},"67":{"start":{"line":162,"column":4},"end":{"line":162,"column":32}},"68":{"start":{"line":163,"column":4},"end":{"line":163,"column":76}},"69":{"start":{"line":163,"column":28},"end":{"line":163,"column":76}},"70":{"start":{"line":164,"column":4},"end":{"line":164,"column":67}},"71":{"start":{"line":164,"column":25},"end":{"line":164,"column":67}},"72":{"start":{"line":166,"column":4},"end":{"line":166,"column":21}},"73":{"start":{"line":168,"column":4},"end":{"line":168,"column":57}},"74":{"start":{"line":170,"column":4},"end":{"line":170,"column":88}},"75":{"start":{"line":175,"column":38},"end":{"line":205,"column":1}},"76":{"start":{"line":176,"column":2},"end":{"line":204,"column":3}},"77":{"start":{"line":177,"column":41},"end":{"line":177,"column":49}},"78":{"start":{"line":179,"column":4},"end":{"line":179,"column":20}},"79":{"start":{"line":180,"column":20},"end":{"line":180,"column":79}},"80":{"start":{"line":180,"column":56},"end":{"line":180,"column":78}},"81":{"start":{"line":182,"column":4},"end":{"line":184,"column":5}},"82":{"start":{"line":183,"column":6},"end":{"line":183,"column":72}},"83":{"start":{"line":187,"column":4},"end":{"line":189,"column":5}},"84":{"start":{"line":188,"column":6},"end":{"line":188,"column":92}},"85":{"start":{"line":191,"column":4},"end":{"line":193,"column":5}},"86":{"start":{"line":192,"column":6},"end":{"line":192,"column":82}},"87":{"start":{"line":195,"column":4},"end":{"line":195,"column":34}},"88":{"start":{"line":196,"column":4},"end":{"line":196,"column":58}},"89":{"start":{"line":196,"column":22},"end":{"line":196,"column":58}},"90":{"start":{"line":197,"column":4},"end":{"line":197,"column":52}},"91":{"start":{"line":197,"column":20},"end":{"line":197,"column":52}},"92":{"start":{"line":199,"column":4},"end":{"line":199,"column":21}},"93":{"start":{"line":201,"column":4},"end":{"line":201,"column":58}},"94":{"start":{"line":203,"column":4},"end":{"line":203,"column":89}},"95":{"start":{"line":208,"column":36},"end":{"line":229,"column":1}},"96":{"start":{"line":209,"column":2},"end":{"line":228,"column":3}},"97":{"start":{"line":210,"column":4},"end":{"line":210,"column":20}},"98":{"start":{"line":211,"column":20},"end":{"line":211,"column":79}},"99":{"start":{"line":211,"column":56},"end":{"line":211,"column":78}},"100":{"start":{"line":213,"column":4},"end":{"line":215,"column":5}},"101":{"start":{"line":214,"column":6},"end":{"line":214,"column":72}},"102":{"start":{"line":218,"column":4},"end":{"line":220,"column":5}},"103":{"start":{"line":219,"column":6},"end":{"line":219,"column":91}},"104":{"start":{"line":222,"column":4},"end":{"line":222,"column":33}},"105":{"start":{"line":223,"column":4},"end":{"line":223,"column":21}},"106":{"start":{"line":225,"column":4},"end":{"line":225,"column":58}},"107":{"start":{"line":227,"column":4},"end":{"line":227,"column":89}}},"fnMap":{"0":{"name":"(anonymous_0)","decl":{"start":{"line":9,"column":36},"end":{"line":9,"column":37}},"loc":{"start":{"line":9,"column":56},"end":{"line":36,"column":1}},"line":9},"1":{"name":"(anonymous_1)","decl":{"start":{"line":14,"column":41},"end":{"line":14,"column":42}},"loc":{"start":{"line":14,"column":48},"end":{"line":14,"column":57}},"line":14},"2":{"name":"(anonymous_2)","decl":{"start":{"line":39,"column":34},"end":{"line":39,"column":35}},"loc":{"start":{"line":39,"column":54},"end":{"line":97,"column":1}},"line":39},"3":{"name":"(anonymous_3)","decl":{"start":{"line":46,"column":33},"end":{"line":46,"column":34}},"loc":{"start":{"line":46,"column":40},"end":{"line":46,"column":69}},"line":46},"4":{"name":"(anonymous_4)","decl":{"start":{"line":52,"column":8},"end":{"line":52,"column":9}},"loc":{"start":{"line":53,"column":10},"end":{"line":55,"column":59}},"line":53},"5":{"name":"(anonymous_5)","decl":{"start":{"line":61,"column":33},"end":{"line":61,"column":34}},"loc":{"start":{"line":61,"column":40},"end":{"line":61,"column":67}},"line":61},"6":{"name":"(anonymous_6)","decl":{"start":{"line":67,"column":8},"end":{"line":67,"column":9}},"loc":{"start":{"line":68,"column":10},"end":{"line":70,"column":35}},"line":68},"7":{"name":"(anonymous_7)","decl":{"start":{"line":74,"column":56},"end":{"line":74,"column":57}},"loc":{"start":{"line":74,"column":63},"end":{"line":74,"column":72}},"line":74},"8":{"name":"(anonymous_8)","decl":{"start":{"line":75,"column":34},"end":{"line":75,"column":35}},"loc":{"start":{"line":75,"column":42},"end":{"line":79,"column":5}},"line":75},"9":{"name":"(anonymous_9)","decl":{"start":{"line":100,"column":37},"end":{"line":100,"column":38}},"loc":{"start":{"line":100,"column":57},"end":{"line":133,"column":1}},"line":100},"10":{"name":"(anonymous_10)","decl":{"start":{"line":103,"column":50},"end":{"line":103,"column":51}},"loc":{"start":{"line":103,"column":57},"end":{"line":103,"column":79}},"line":103},"11":{"name":"(anonymous_11)","decl":{"start":{"line":136,"column":36},"end":{"line":136,"column":37}},"loc":{"start":{"line":136,"column":56},"end":{"line":172,"column":1}},"line":136},"12":{"name":"(anonymous_12)","decl":{"start":{"line":145,"column":49},"end":{"line":145,"column":50}},"loc":{"start":{"line":145,"column":56},"end":{"line":145,"column":78}},"line":145},"13":{"name":"(anonymous_13)","decl":{"start":{"line":175,"column":38},"end":{"line":175,"column":39}},"loc":{"start":{"line":175,"column":58},"end":{"line":205,"column":1}},"line":175},"14":{"name":"(anonymous_14)","decl":{"start":{"line":180,"column":49},"end":{"line":180,"column":50}},"loc":{"start":{"line":180,"column":56},"end":{"line":180,"column":78}},"line":180},"15":{"name":"(anonymous_15)","decl":{"start":{"line":208,"column":36},"end":{"line":208,"column":37}},"loc":{"start":{"line":208,"column":56},"end":{"line":229,"column":1}},"line":208},"16":{"name":"(anonymous_16)","decl":{"start":{"line":211,"column":49},"end":{"line":211,"column":50}},"loc":{"start":{"line":211,"column":56},"end":{"line":211,"column":78}},"line":211}},"branchMap":{"0":{"loc":{"start":{"line":13,"column":4},"end":{"line":16,"column":5}},"type":"if","locations":[{"start":{"line":13,"column":4},"end":{"line":16,"column":5}},{"start":{},"end":{}}],"line":13},"1":{"loc":{"start":{"line":42,"column":19},"end":{"line":42,"column":48}},"type":"binary-expr","locations":[{"start":{"line":42,"column":19},"end":{"line":42,"column":42}},{"start":{"line":42,"column":46},"end":{"line":42,"column":48}}],"line":42},"2":{"loc":{"start":{"line":45,"column":4},"end":{"line":47,"column":5}},"type":"if","locations":[{"start":{"line":45,"column":4},"end":{"line":47,"column":5}},{"start":{},"end":{}}],"line":45},"3":{"loc":{"start":{"line":50,"column":4},"end":{"line":57,"column":5}},"type":"if","locations":[{"start":{"line":50,"column":4},"end":{"line":57,"column":5}},{"start":{},"end":{}}],"line":50},"4":{"loc":{"start":{"line":60,"column":4},"end":{"line":62,"column":5}},"type":"if","locations":[{"start":{"line":60,"column":4},"end":{"line":62,"column":5}},{"start":{},"end":{}}],"line":60},"5":{"loc":{"start":{"line":65,"column":4},"end":{"line":72,"column":5}},"type":"if","locations":[{"start":{"line":65,"column":4},"end":{"line":72,"column":5}},{"start":{},"end":{}}],"line":65},"6":{"loc":{"start":{"line":68,"column":10},"end":{"line":70,"column":35}},"type":"binary-expr","locations":[{"start":{"line":68,"column":10},"end":{"line":68,"column":34}},{"start":{"line":69,"column":10},"end":{"line":69,"column":41}},{"start":{"line":70,"column":10},"end":{"line":70,"column":35}}],"line":68},"7":{"loc":{"start":{"line":74,"column":31},"end":{"line":74,"column":50}},"type":"binary-expr","locations":[{"start":{"line":74,"column":31},"end":{"line":74,"column":44}},{"start":{"line":74,"column":48},"end":{"line":74,"column":50}}],"line":74},"8":{"loc":{"start":{"line":77,"column":21},"end":{"line":77,"column":63}},"type":"binary-expr","locations":[{"start":{"line":77,"column":21},"end":{"line":77,"column":55}},{"start":{"line":77,"column":59},"end":{"line":77,"column":63}}],"line":77},"9":{"loc":{"start":{"line":78,"column":25},"end":{"line":78,"column":71}},"type":"binary-expr","locations":[{"start":{"line":78,"column":25},"end":{"line":78,"column":63}},{"start":{"line":78,"column":67},"end":{"line":78,"column":71}}],"line":78},"10":{"loc":{"start":{"line":82,"column":38},"end":{"line":82,"column":59}},"type":"binary-expr","locations":[{"start":{"line":82,"column":38},"end":{"line":82,"column":52}},{"start":{"line":82,"column":56},"end":{"line":82,"column":59}}],"line":82},"11":{"loc":{"start":{"line":83,"column":53},"end":{"line":83,"column":76}},"type":"binary-expr","locations":[{"start":{"line":83,"column":53},"end":{"line":83,"column":68}},{"start":{"line":83,"column":72},"end":{"line":83,"column":76}}],"line":83},"12":{"loc":{"start":{"line":92,"column":18},"end":{"line":92,"column":57}},"type":"binary-expr","locations":[{"start":{"line":92,"column":18},"end":{"line":92,"column":52}},{"start":{"line":92,"column":56},"end":{"line":92,"column":57}}],"line":92},"13":{"loc":{"start":{"line":105,"column":4},"end":{"line":107,"column":5}},"type":"if","locations":[{"start":{"line":105,"column":4},"end":{"line":107,"column":5}},{"start":{},"end":{}}],"line":105},"14":{"loc":{"start":{"line":110,"column":4},"end":{"line":117,"column":5}},"type":"if","locations":[{"start":{"line":110,"column":4},"end":{"line":117,"column":5}},{"start":{},"end":{}}],"line":110},"15":{"loc":{"start":{"line":111,"column":6},"end":{"line":112,"column":39}},"type":"binary-expr","locations":[{"start":{"line":111,"column":6},"end":{"line":111,"column":32}},{"start":{"line":112,"column":6},"end":{"line":112,"column":39}}],"line":111},"16":{"loc":{"start":{"line":119,"column":4},"end":{"line":127,"column":5}},"type":"if","locations":[{"start":{"line":119,"column":4},"end":{"line":127,"column":5}},{"start":{},"end":{}}],"line":119},"17":{"loc":{"start":{"line":120,"column":6},"end":{"line":122,"column":36}},"type":"binary-expr","locations":[{"start":{"line":120,"column":6},"end":{"line":120,"column":36}},{"start":{"line":121,"column":6},"end":{"line":121,"column":43}},{"start":{"line":122,"column":6},"end":{"line":122,"column":36}}],"line":120},"18":{"loc":{"start":{"line":138,"column":4},"end":{"line":140,"column":5}},"type":"if","locations":[{"start":{"line":138,"column":4},"end":{"line":140,"column":5}},{"start":{},"end":{}}],"line":138},"19":{"loc":{"start":{"line":138,"column":8},"end":{"line":138,"column":66}},"type":"binary-expr","locations":[{"start":{"line":138,"column":8},"end":{"line":138,"column":38}},{"start":{"line":138,"column":42},"end":{"line":138,"column":66}}],"line":138},"20":{"loc":{"start":{"line":147,"column":4},"end":{"line":149,"column":5}},"type":"if","locations":[{"start":{"line":147,"column":4},"end":{"line":149,"column":5}},{"start":{},"end":{}}],"line":147},"21":{"loc":{"start":{"line":151,"column":4},"end":{"line":155,"column":5}},"type":"if","locations":[{"start":{"line":151,"column":4},"end":{"line":155,"column":5}},{"start":{},"end":{}}],"line":151},"22":{"loc":{"start":{"line":158,"column":28},"end":{"line":158,"column":82}},"type":"cond-expr","locations":[{"start":{"line":158,"column":55},"end":{"line":158,"column":68}},{"start":{"line":158,"column":71},"end":{"line":158,"column":82}}],"line":158},"23":{"loc":{"start":{"line":159,"column":4},"end":{"line":161,"column":5}},"type":"if","locations":[{"start":{"line":159,"column":4},"end":{"line":161,"column":5}},{"start":{},"end":{}}],"line":159},"24":{"loc":{"start":{"line":159,"column":8},"end":{"line":159,"column":58}},"type":"binary-expr","locations":[{"start":{"line":159,"column":8},"end":{"line":159,"column":32}},{"start":{"line":159,"column":36},"end":{"line":159,"column":58}}],"line":159},"25":{"loc":{"start":{"line":163,"column":4},"end":{"line":163,"column":76}},"type":"if","locations":[{"start":{"line":163,"column":4},"end":{"line":163,"column":76}},{"start":{},"end":{}}],"line":163},"26":{"loc":{"start":{"line":164,"column":4},"end":{"line":164,"column":67}},"type":"if","locations":[{"start":{"line":164,"column":4},"end":{"line":164,"column":67}},{"start":{},"end":{}}],"line":164},"27":{"loc":{"start":{"line":182,"column":4},"end":{"line":184,"column":5}},"type":"if","locations":[{"start":{"line":182,"column":4},"end":{"line":184,"column":5}},{"start":{},"end":{}}],"line":182},"28":{"loc":{"start":{"line":187,"column":4},"end":{"line":189,"column":5}},"type":"if","locations":[{"start":{"line":187,"column":4},"end":{"line":189,"column":5}},{"start":{},"end":{}}],"line":187},"29":{"loc":{"start":{"line":191,"column":4},"end":{"line":193,"column":5}},"type":"if","locations":[{"start":{"line":191,"column":4},"end":{"line":193,"column":5}},{"start":{},"end":{}}],"line":191},"30":{"loc":{"start":{"line":196,"column":4},"end":{"line":196,"column":58}},"type":"if","locations":[{"start":{"line":196,"column":4},"end":{"line":196,"column":58}},{"start":{},"end":{}}],"line":196},"31":{"loc":{"start":{"line":197,"column":4},"end":{"line":197,"column":52}},"type":"if","locations":[{"start":{"line":197,"column":4},"end":{"line":197,"column":52}},{"start":{},"end":{}}],"line":197},"32":{"loc":{"start":{"line":213,"column":4},"end":{"line":215,"column":5}},"type":"if","locations":[{"start":{"line":213,"column":4},"end":{"line":215,"column":5}},{"start":{},"end":{}}],"line":213},"33":{"loc":{"start":{"line":218,"column":4},"end":{"line":220,"column":5}},"type":"if","locations":[{"start":{"line":218,"column":4},"end":{"line":220,"column":5}},{"start":{},"end":{}}],"line":218}},"s":{"0":0,"1":0,"2":0,"3":0,"4":0,"5":0,"6":0,"7":0,"8":0,"9":0,"10":0,"11":0,"12":0,"13":0,"14":0,"15":0,"16":0,"17":0,"18":0,"19":0,"20":0,"21":0,"22":0,"23":0,"24":0,"25":0,"26":0,"27":0,"28":0,"29":0,"30":0,"31":0,"32":0,"33":0,"34":0,"35":0,"36":0,"37":0,"38":0,"39":0,"40":0,"41":0,"42":0,"43":0,"44":0,"45":0,"46":0,"47":0,"48":0,"49":0,"50":0,"51":0,"52":0,"53":0,"54":0,"55":0,"56":0,"57":0,"58":0,"59":0,"60":0,"61":0,"62":0,"63":0,"64":0,"65":0,"66":0,"67":0,"68":0,"69":0,"70":0,"71":0,"72":0,"73":0,"74":0,"75":0,"76":0,"77":0,"78":0,"79":0,"80":0,"81":0,"82":0,"83":0,"84":0,"85":0,"86":0,"87":0,"88":0,"89":0,"90":0,"91":0,"92":0,"93":0,"94":0,"95":0,"96":0,"97":0,"98":0,"99":0,"100":0,"101":0,"102":0,"103":0,"104":0,"105":0,"106":0,"107":0},"f":{"0":0,"1":0,"2":0,"3":0,"4":0,"5":0,"6":0,"7":0,"8":0,"9":0,"10":0,"11":0,"12":0,"13":0,"14":0,"15":0,"16":0},"b":{"0":[0,0],"1":[0,0],"2":[0,0],"3":[0,0],"4":[0,0],"5":[0,0],"6":[0,0,0],"7":[0,0],"8":[0,0],"9":[0,0],"10":[0,0],"11":[0,0],"12":[0,0],"13":[0,0],"14":[0,0],"15":[0,0],"16":[0,0],"17":[0,0,0],"18":[0,0],"19":[0,0],"20":[0,0],"21":[0,0],"22":[0,0],"23":[0,0],"24":[0,0],"25":[0,0],"26":[0,0],"27":[0,0],"28":[0,0],"29":[0,0],"30":[0,0],"31":[0,0],"32":[0,0],"33":[0,0]}}
,"C:\\Users\\lucia\\OneDrive\\Documentos\\home-services-app\\DomestiApp\\backend\\controllers\\userController.js": {"path":"C:\\Users\\lucia\\OneDrive\\Documentos\\home-services-app\\DomestiApp\\backend\\controllers\\userController.js","statementMap":{"0":{"start":{"line":7,"column":15},"end":{"line":7,"column":60}},"1":{"start":{"line":9,"column":24},"end":{"line":56,"column":1}},"2":{"start":{"line":10,"column":2},"end":{"line":55,"column":3}},"3":{"start":{"line":11,"column":29},"end":{"line":11,"column":55}},"4":{"start":{"line":13,"column":4},"end":{"line":16,"column":5}},"5":{"start":{"line":14,"column":23},"end":{"line":14,"column":58}},"6":{"start":{"line":14,"column":48},"end":{"line":14,"column":57}},"7":{"start":{"line":15,"column":6},"end":{"line":15,"column":77}},"8":{"start":{"line":18,"column":4},"end":{"line":18,"column":20}},"9":{"start":{"line":19,"column":19},"end":{"line":19,"column":69}},"10":{"start":{"line":19,"column":45},"end":{"line":19,"column":68}},"11":{"start":{"line":20,"column":4},"end":{"line":22,"column":5}},"12":{"start":{"line":21,"column":6},"end":{"line":21,"column":76}},"13":{"start":{"line":24,"column":27},"end":{"line":24,"column":64}},"14":{"start":{"line":25,"column":20},"end":{"line":30,"column":6}},"15":{"start":{"line":32,"column":4},"end":{"line":32,"column":32}},"16":{"start":{"line":33,"column":4},"end":{"line":33,"column":21}},"17":{"start":{"line":35,"column":18},"end":{"line":39,"column":5}},"18":{"start":{"line":41,"column":4},"end":{"line":47,"column":9}},"19":{"start":{"line":49,"column":4},"end":{"line":54,"column":9}},"20":{"start":{"line":58,"column":21},"end":{"line":94,"column":1}},"21":{"start":{"line":59,"column":2},"end":{"line":93,"column":3}},"22":{"start":{"line":60,"column":29},"end":{"line":60,"column":52}},"23":{"start":{"line":62,"column":4},"end":{"line":65,"column":5}},"24":{"start":{"line":63,"column":23},"end":{"line":63,"column":58}},"25":{"start":{"line":63,"column":48},"end":{"line":63,"column":57}},"26":{"start":{"line":64,"column":6},"end":{"line":64,"column":77}},"27":{"start":{"line":67,"column":4},"end":{"line":67,"column":20}},"28":{"start":{"line":68,"column":17},"end":{"line":68,"column":67}},"29":{"start":{"line":68,"column":43},"end":{"line":68,"column":66}},"30":{"start":{"line":69,"column":4},"end":{"line":71,"column":5}},"31":{"start":{"line":70,"column":6},"end":{"line":70,"column":71}},"32":{"start":{"line":73,"column":18},"end":{"line":73,"column":69}},"33":{"start":{"line":74,"column":4},"end":{"line":76,"column":5}},"34":{"start":{"line":75,"column":6},"end":{"line":75,"column":71}},"35":{"start":{"line":78,"column":18},"end":{"line":82,"column":5}},"36":{"start":{"line":84,"column":4},"end":{"line":88,"column":7}},"37":{"start":{"line":90,"column":4},"end":{"line":92,"column":72}},"38":{"start":{"line":96,"column":26},"end":{"line":109,"column":1}},"39":{"start":{"line":97,"column":2},"end":{"line":108,"column":3}},"40":{"start":{"line":98,"column":4},"end":{"line":98,"column":20}},"41":{"start":{"line":99,"column":17},"end":{"line":99,"column":64}},"42":{"start":{"line":99,"column":43},"end":{"line":99,"column":63}},"43":{"start":{"line":101,"column":4},"end":{"line":103,"column":5}},"44":{"start":{"line":102,"column":6},"end":{"line":102,"column":70}},"45":{"start":{"line":105,"column":4},"end":{"line":105,"column":28}},"46":{"start":{"line":107,"column":4},"end":{"line":107,"column":85}},"47":{"start":{"line":111,"column":29},"end":{"line":139,"column":1}},"48":{"start":{"line":112,"column":2},"end":{"line":138,"column":3}},"49":{"start":{"line":113,"column":29},"end":{"line":113,"column":60}},"50":{"start":{"line":115,"column":4},"end":{"line":118,"column":5}},"51":{"start":{"line":116,"column":23},"end":{"line":116,"column":58}},"52":{"start":{"line":116,"column":48},"end":{"line":116,"column":57}},"53":{"start":{"line":117,"column":6},"end":{"line":117,"column":77}},"54":{"start":{"line":120,"column":4},"end":{"line":120,"column":20}},"55":{"start":{"line":121,"column":22},"end":{"line":121,"column":74}},"56":{"start":{"line":121,"column":53},"end":{"line":121,"column":73}},"57":{"start":{"line":123,"column":4},"end":{"line":125,"column":5}},"58":{"start":{"line":124,"column":6},"end":{"line":124,"column":70}},"59":{"start":{"line":127,"column":17},"end":{"line":127,"column":41}},"60":{"start":{"line":128,"column":4},"end":{"line":131,"column":6}},"61":{"start":{"line":133,"column":4},"end":{"line":133,"column":21}},"62":{"start":{"line":135,"column":4},"end":{"line":135,"column":39}},"63":{"start":{"line":137,"column":4},"end":{"line":137,"column":88}}},"fnMap":{"0":{"name":"(anonymous_0)","decl":{"start":{"line":9,"column":24},"end":{"line":9,"column":25}},"loc":{"start":{"line":9,"column":44},"end":{"line":56,"column":1}},"line":9},"1":{"name":"(anonymous_1)","decl":{"start":{"line":14,"column":41},"end":{"line":14,"column":42}},"loc":{"start":{"line":14,"column":48},"end":{"line":14,"column":57}},"line":14},"2":{"name":"(anonymous_2)","decl":{"start":{"line":19,"column":38},"end":{"line":19,"column":39}},"loc":{"start":{"line":19,"column":45},"end":{"line":19,"column":68}},"line":19},"3":{"name":"(anonymous_3)","decl":{"start":{"line":58,"column":21},"end":{"line":58,"column":22}},"loc":{"start":{"line":58,"column":41},"end":{"line":94,"column":1}},"line":58},"4":{"name":"(anonymous_4)","decl":{"start":{"line":63,"column":41},"end":{"line":63,"column":42}},"loc":{"start":{"line":63,"column":48},"end":{"line":63,"column":57}},"line":63},"5":{"name":"(anonymous_5)","decl":{"start":{"line":68,"column":36},"end":{"line":68,"column":37}},"loc":{"start":{"line":68,"column":43},"end":{"line":68,"column":66}},"line":68},"6":{"name":"(anonymous_6)","decl":{"start":{"line":96,"column":26},"end":{"line":96,"column":27}},"loc":{"start":{"line":96,"column":46},"end":{"line":109,"column":1}},"line":96},"7":{"name":"(anonymous_7)","decl":{"start":{"line":99,"column":36},"end":{"line":99,"column":37}},"loc":{"start":{"line":99,"column":43},"end":{"line":99,"column":63}},"line":99},"8":{"name":"(anonymous_8)","decl":{"start":{"line":111,"column":29},"end":{"line":111,"column":30}},"loc":{"start":{"line":111,"column":49},"end":{"line":139,"column":1}},"line":111},"9":{"name":"(anonymous_9)","decl":{"start":{"line":116,"column":41},"end":{"line":116,"column":42}},"loc":{"start":{"line":116,"column":48},"end":{"line":116,"column":57}},"line":116},"10":{"name":"(anonymous_10)","decl":{"start":{"line":121,"column":46},"end":{"line":121,"column":47}},"loc":{"start":{"line":121,"column":53},"end":{"line":121,"column":73}},"line":121}},"branchMap":{"0":{"loc":{"start":{"line":7,"column":15},"end":{"line":7,"column":60}},"type":"binary-expr","locations":[{"start":{"line":7,"column":15},"end":{"line":7,"column":37}},{"start":{"line":7,"column":41},"end":{"line":7,"column":60}}],"line":7},"1":{"loc":{"start":{"line":13,"column":4},"end":{"line":16,"column":5}},"type":"if","locations":[{"start":{"line":13,"column":4},"end":{"line":16,"column":5}},{"start":{},"end":{}}],"line":13},"2":{"loc":{"start":{"line":20,"column":4},"end":{"line":22,"column":5}},"type":"if","locations":[{"start":{"line":20,"column":4},"end":{"line":22,"column":5}},{"start":{},"end":{}}],"line":20},"3":{"loc":{"start":{"line":62,"column":4},"end":{"line":65,"column":5}},"type":"if","locations":[{"start":{"line":62,"column":4},"end":{"line":65,"column":5}},{"start":{},"end":{}}],"line":62},"4":{"loc":{"start":{"line":69,"column":4},"end":{"line":71,"column":5}},"type":"if","locations":[{"start":{"line":69,"column":4},"end":{"line":71,"column":5}},{"start":{},"end":{}}],"line":69},"5":{"loc":{"start":{"line":74,"column":4},"end":{"line":76,"column":5}},"type":"if","locations":[{"start":{"line":74,"column":4},"end":{"line":76,"column":5}},{"start":{},"end":{}}],"line":74},"6":{"loc":{"start":{"line":101,"column":4},"end":{"line":103,"column":5}},"type":"if","locations":[{"start":{"line":101,"column":4},"end":{"line":103,"column":5}},{"start":{},"end":{}}],"line":101},"7":{"loc":{"start":{"line":115,"column":4},"end":{"line":118,"column":5}},"type":"if","locations":[{"start":{"line":115,"column":4},"end":{"line":118,"column":5}},{"start":{},"end":{}}],"line":115},"8":{"loc":{"start":{"line":123,"column":4},"end":{"line":125,"column":5}},"type":"if","locations":[{"start":{"line":123,"column":4},"end":{"line":125,"column":5}},{"start":{},"end":{}}],"line":123}},"s":{"0":0,"1":0,"2":0,"3":0,"4":0,"5":0,"6":0,"7":0,"8":0,"9":0,"10":0,"11":0,"12":0,"13":0,"14":0,"15":0,"16":0,"17":0,"18":0,"19":0,"20":0,"21":0,"22":0,"23":0,"24":0,"25":0,"26":0,"27":0,"28":0,"29":0,"30":0,"31":0,"32":0,"33":0,"34":0,"35":0,"36":0,"37":0,"38":0,"39":0,"40":0,"41":0,"42":0,"43":0,"44":0,"45":0,"46":0,"47":0,"48":0,"49":0,"50":0,"51":0,"52":0,"53":0,"54":0,"55":0,"56":0,"57":0,"58":0,"59":0,"60":0,"61":0,"62":0,"63":0},"f":{"0":0,"1":0,"2":0,"3":0,"4":0,"5":0,"6":0,"7":0,"8":0,"9":0,"10":0},"b":{"0":[0,0],"1":[0,0],"2":[0,0],"3":[0,0],"4":[0,0],"5":[0,0],"6":[0,0],"7":[0,0],"8":[0,0]}}
,"C:\\Users\\lucia\\OneDrive\\Documentos\\home-services-app\\DomestiApp\\backend\\controllers\\workerController.js": {"path":"C:\\Users\\lucia\\OneDrive\\Documentos\\home-services-app\\DomestiApp\\backend\\controllers\\workerController.js","statementMap":{"0":{"start":{"line":6,"column":23},"end":{"line":16,"column":1}},"1":{"start":{"line":7,"column":18},"end":{"line":11,"column":31}},"2":{"start":{"line":9,"column":13},"end":{"line":9,"column":88}},"3":{"start":{"line":11,"column":16},"end":{"line":11,"column":30}},"4":{"start":{"line":13,"column":2},"end":{"line":13,"column":35}},"5":{"start":{"line":13,"column":23},"end":{"line":13,"column":35}},"6":{"start":{"line":14,"column":16},"end":{"line":14,"column":54}},"7":{"start":{"line":14,"column":43},"end":{"line":14,"column":50}},"8":{"start":{"line":15,"column":2},"end":{"line":15,"column":56}},"9":{"start":{"line":18,"column":26},"end":{"line":29,"column":1}},"10":{"start":{"line":19,"column":2},"end":{"line":28,"column":3}},"11":{"start":{"line":20,"column":4},"end":{"line":20,"column":20}},"12":{"start":{"line":21,"column":20},"end":{"line":24,"column":7}},"13":{"start":{"line":21,"column":48},"end":{"line":24,"column":5}},"14":{"start":{"line":25,"column":4},"end":{"line":25,"column":22}},"15":{"start":{"line":27,"column":4},"end":{"line":27,"column":91}},"16":{"start":{"line":31,"column":28},"end":{"line":51,"column":1}},"17":{"start":{"line":32,"column":2},"end":{"line":50,"column":3}},"18":{"start":{"line":33,"column":29},"end":{"line":33,"column":53}},"19":{"start":{"line":35,"column":4},"end":{"line":38,"column":5}},"20":{"start":{"line":36,"column":23},"end":{"line":36,"column":58}},"21":{"start":{"line":36,"column":48},"end":{"line":36,"column":57}},"22":{"start":{"line":37,"column":6},"end":{"line":37,"column":77}},"23":{"start":{"line":41,"column":4},"end":{"line":41,"column":48}},"24":{"start":{"line":43,"column":22},"end":{"line":43,"column":39}},"25":{"start":{"line":44,"column":4},"end":{"line":44,"column":45}},"26":{"start":{"line":45,"column":4},"end":{"line":45,"column":21}},"27":{"start":{"line":47,"column":4},"end":{"line":47,"column":94}},"28":{"start":{"line":49,"column":4},"end":{"line":49,"column":87}},"29":{"start":{"line":53,"column":29},"end":{"line":66,"column":1}},"30":{"start":{"line":54,"column":2},"end":{"line":65,"column":3}},"31":{"start":{"line":55,"column":4},"end":{"line":55,"column":20}},"32":{"start":{"line":56,"column":19},"end":{"line":56,"column":70}},"33":{"start":{"line":56,"column":47},"end":{"line":56,"column":69}},"34":{"start":{"line":58,"column":4},"end":{"line":60,"column":5}},"35":{"start":{"line":59,"column":6},"end":{"line":59,"column":73}},"36":{"start":{"line":62,"column":4},"end":{"line":62,"column":67}},"37":{"start":{"line":64,"column":4},"end":{"line":64,"column":89}},"38":{"start":{"line":68,"column":28},"end":{"line":104,"column":1}},"39":{"start":{"line":69,"column":2},"end":{"line":103,"column":3}},"40":{"start":{"line":70,"column":29},"end":{"line":70,"column":53}},"41":{"start":{"line":72,"column":4},"end":{"line":75,"column":5}},"42":{"start":{"line":73,"column":23},"end":{"line":73,"column":58}},"43":{"start":{"line":73,"column":48},"end":{"line":73,"column":57}},"44":{"start":{"line":74,"column":6},"end":{"line":74,"column":77}},"45":{"start":{"line":77,"column":4},"end":{"line":77,"column":20}},"46":{"start":{"line":78,"column":18},"end":{"line":78,"column":74}},"47":{"start":{"line":78,"column":51},"end":{"line":78,"column":73}},"48":{"start":{"line":80,"column":4},"end":{"line":82,"column":5}},"49":{"start":{"line":81,"column":6},"end":{"line":81,"column":73}},"50":{"start":{"line":84,"column":21},"end":{"line":84,"column":43}},"51":{"start":{"line":87,"column":4},"end":{"line":89,"column":5}},"52":{"start":{"line":88,"column":6},"end":{"line":88,"column":62}},"53":{"start":{"line":91,"column":4},"end":{"line":97,"column":6}},"54":{"start":{"line":98,"column":4},"end":{"line":98,"column":21}},"55":{"start":{"line":100,"column":4},"end":{"line":100,"column":99}},"56":{"start":{"line":102,"column":4},"end":{"line":102,"column":92}},"57":{"start":{"line":106,"column":28},"end":{"line":122,"column":1}},"58":{"start":{"line":107,"column":2},"end":{"line":121,"column":3}},"59":{"start":{"line":108,"column":4},"end":{"line":108,"column":20}},"60":{"start":{"line":109,"column":18},"end":{"line":109,"column":74}},"61":{"start":{"line":109,"column":51},"end":{"line":109,"column":73}},"62":{"start":{"line":111,"column":4},"end":{"line":113,"column":5}},"63":{"start":{"line":112,"column":6},"end":{"line":112,"column":73}},"64":{"start":{"line":115,"column":26},"end":{"line":115,"column":58}},"65":{"start":{"line":116,"column":4},"end":{"line":116,"column":21}},"66":{"start":{"line":118,"column":4},"end":{"line":118,"column":76}},"67":{"start":{"line":120,"column":4},"end":{"line":120,"column":90}},"68":{"start":{"line":124,"column":27},"end":{"line":137,"column":1}},"69":{"start":{"line":125,"column":2},"end":{"line":136,"column":3}},"70":{"start":{"line":126,"column":4},"end":{"line":126,"column":20}},"71":{"start":{"line":127,"column":19},"end":{"line":127,"column":72}},"72":{"start":{"line":127,"column":47},"end":{"line":127,"column":71}},"73":{"start":{"line":129,"column":4},"end":{"line":131,"column":5}},"74":{"start":{"line":130,"column":6},"end":{"line":130,"column":84}},"75":{"start":{"line":133,"column":4},"end":{"line":133,"column":67}},"76":{"start":{"line":135,"column":4},"end":{"line":135,"column":85}}},"fnMap":{"0":{"name":"(anonymous_0)","decl":{"start":{"line":6,"column":23},"end":{"line":6,"column":24}},"loc":{"start":{"line":6,"column":46},"end":{"line":16,"column":1}},"line":6},"1":{"name":"(anonymous_1)","decl":{"start":{"line":9,"column":6},"end":{"line":9,"column":7}},"loc":{"start":{"line":9,"column":13},"end":{"line":9,"column":88}},"line":9},"2":{"name":"(anonymous_2)","decl":{"start":{"line":11,"column":9},"end":{"line":11,"column":10}},"loc":{"start":{"line":11,"column":16},"end":{"line":11,"column":30}},"line":11},"3":{"name":"(anonymous_3)","decl":{"start":{"line":14,"column":31},"end":{"line":14,"column":32}},"loc":{"start":{"line":14,"column":43},"end":{"line":14,"column":50}},"line":14},"4":{"name":"(anonymous_4)","decl":{"start":{"line":18,"column":26},"end":{"line":18,"column":27}},"loc":{"start":{"line":18,"column":46},"end":{"line":29,"column":1}},"line":18},"5":{"name":"(anonymous_5)","decl":{"start":{"line":21,"column":40},"end":{"line":21,"column":41}},"loc":{"start":{"line":21,"column":48},"end":{"line":24,"column":5}},"line":21},"6":{"name":"(anonymous_6)","decl":{"start":{"line":31,"column":28},"end":{"line":31,"column":29}},"loc":{"start":{"line":31,"column":48},"end":{"line":51,"column":1}},"line":31},"7":{"name":"(anonymous_7)","decl":{"start":{"line":36,"column":41},"end":{"line":36,"column":42}},"loc":{"start":{"line":36,"column":48},"end":{"line":36,"column":57}},"line":36},"8":{"name":"(anonymous_8)","decl":{"start":{"line":53,"column":29},"end":{"line":53,"column":30}},"loc":{"start":{"line":53,"column":49},"end":{"line":66,"column":1}},"line":53},"9":{"name":"(anonymous_9)","decl":{"start":{"line":56,"column":40},"end":{"line":56,"column":41}},"loc":{"start":{"line":56,"column":47},"end":{"line":56,"column":69}},"line":56},"10":{"name":"(anonymous_10)","decl":{"start":{"line":68,"column":28},"end":{"line":68,"column":29}},"loc":{"start":{"line":68,"column":48},"end":{"line":104,"column":1}},"line":68},"11":{"name":"(anonymous_11)","decl":{"start":{"line":73,"column":41},"end":{"line":73,"column":42}},"loc":{"start":{"line":73,"column":48},"end":{"line":73,"column":57}},"line":73},"12":{"name":"(anonymous_12)","decl":{"start":{"line":78,"column":44},"end":{"line":78,"column":45}},"loc":{"start":{"line":78,"column":51},"end":{"line":78,"column":73}},"line":78},"13":{"name":"(anonymous_13)","decl":{"start":{"line":106,"column":28},"end":{"line":106,"column":29}},"loc":{"start":{"line":106,"column":48},"end":{"line":122,"column":1}},"line":106},"14":{"name":"(anonymous_14)","decl":{"start":{"line":109,"column":44},"end":{"line":109,"column":45}},"loc":{"start":{"line":109,"column":51},"end":{"line":109,"column":73}},"line":109},"15":{"name":"(anonymous_15)","decl":{"start":{"line":124,"column":27},"end":{"line":124,"column":28}},"loc":{"start":{"line":124,"column":47},"end":{"line":137,"column":1}},"line":124},"16":{"name":"(anonymous_16)","decl":{"start":{"line":127,"column":40},"end":{"line":127,"column":41}},"loc":{"start":{"line":127,"column":47},"end":{"line":127,"column":71}},"line":127}},"branchMap":{"0":{"loc":{"start":{"line":9,"column":13},"end":{"line":9,"column":88}},"type":"binary-expr","locations":[{"start":{"line":9,"column":13},"end":{"line":9,"column":50}},{"start":{"line":9,"column":54},"end":{"line":9,"column":88}}],"line":9},"1":{"loc":{"start":{"line":13,"column":2},"end":{"line":13,"column":35}},"type":"if","locations":[{"start":{"line":13,"column":2},"end":{"line":13,"column":35}},{"start":{},"end":{}}],"line":13},"2":{"loc":{"start":{"line":35,"column":4},"end":{"line":38,"column":5}},"type":"if","locations":[{"start":{"line":35,"column":4},"end":{"line":38,"column":5}},{"start":{},"end":{}}],"line":35},"3":{"loc":{"start":{"line":41,"column":19},"end":{"line":41,"column":47}},"type":"binary-expr","locations":[{"start":{"line":41,"column":19},"end":{"line":41,"column":31}},{"start":{"line":41,"column":35},"end":{"line":41,"column":47}}],"line":41},"4":{"loc":{"start":{"line":58,"column":4},"end":{"line":60,"column":5}},"type":"if","locations":[{"start":{"line":58,"column":4},"end":{"line":60,"column":5}},{"start":{},"end":{}}],"line":58},"5":{"loc":{"start":{"line":72,"column":4},"end":{"line":75,"column":5}},"type":"if","locations":[{"start":{"line":72,"column":4},"end":{"line":75,"column":5}},{"start":{},"end":{}}],"line":72},"6":{"loc":{"start":{"line":80,"column":4},"end":{"line":82,"column":5}},"type":"if","locations":[{"start":{"line":80,"column":4},"end":{"line":82,"column":5}},{"start":{},"end":{}}],"line":80},"7":{"loc":{"start":{"line":87,"column":4},"end":{"line":89,"column":5}},"type":"if","locations":[{"start":{"line":87,"column":4},"end":{"line":89,"column":5}},{"start":{},"end":{}}],"line":87},"8":{"loc":{"start":{"line":87,"column":8},"end":{"line":87,"column":67}},"type":"binary-expr","locations":[{"start":{"line":87,"column":8},"end":{"line":87,"column":32}},{"start":{"line":87,"column":36},"end":{"line":87,"column":67}}],"line":87},"9":{"loc":{"start":{"line":111,"column":4},"end":{"line":113,"column":5}},"type":"if","locations":[{"start":{"line":111,"column":4},"end":{"line":113,"column":5}},{"start":{},"end":{}}],"line":111},"10":{"loc":{"start":{"line":129,"column":4},"end":{"line":131,"column":5}},"type":"if","locations":[{"start":{"line":129,"column":4},"end":{"line":131,"column":5}},{"start":{},"end":{}}],"line":129}},"s":{"0":0,"1":0,"2":0,"3":0,"4":0,"5":0,"6":0,"7":0,"8":0,"9":0,"10":0,"11":0,"12":0,"13":0,"14":0,"15":0,"16":0,"17":0,"18":0,"19":0,"20":0,"21":0,"22":0,"23":0,"24":0,"25":0,"26":0,"27":0,"28":0,"29":0,"30":0,"31":0,"32":0,"33":0,"34":0,"35":0,"36":0,"37":0,"38":0,"39":0,"40":0,"41":0,"42":0,"43":0,"44":0,"45":0,"46":0,"47":0,"48":0,"49":0,"50":0,"51":0,"52":0,"53":0,"54":0,"55":0,"56":0,"57":0,"58":0,"59":0,"60":0,"61":0,"62":0,"63":0,"64":0,"65":0,"66":0,"67":0,"68":0,"69":0,"70":0,"71":0,"72":0,"73":0,"74":0,"75":0,"76":0},"f":{"0":0,"1":0,"2":0,"3":0,"4":0,"5":0,"6":0,"7":0,"8":0,"9":0,"10":0,"11":0,"12":0,"13":0,"14":0,"15":0,"16":0},"b":{"0":[0,0],"1":[0,0],"2":[0,0],"3":[0,0],"4":[0,0],"5":[0,0],"6":[0,0],"7":[0,0],"8":[0,0],"9":[0,0],"10":[0,0]}}
,"C:\\Users\\lucia\\OneDrive\\Documentos\\home-services-app\\DomestiApp\\backend\\middleware\\authMiddleware.js": {"path":"C:\\Users\\lucia\\OneDrive\\Documentos\\home-services-app\\DomestiApp\\backend\\middleware\\authMiddleware.js","statementMap":{"0":{"start":{"line":3,"column":15},"end":{"line":3,"column":60}},"1":{"start":{"line":5,"column":30},"end":{"line":22,"column":1}},"2":{"start":{"line":6,"column":2},"end":{"line":21,"column":4}},"3":{"start":{"line":7,"column":19},"end":{"line":7,"column":44}},"4":{"start":{"line":8,"column":4},"end":{"line":8,"column":75}},"5":{"start":{"line":8,"column":17},"end":{"line":8,"column":75}},"6":{"start":{"line":10,"column":18},"end":{"line":10,"column":38}},"7":{"start":{"line":11,"column":4},"end":{"line":20,"column":5}},"8":{"start":{"line":12,"column":22},"end":{"line":12,"column":47}},"9":{"start":{"line":13,"column":6},"end":{"line":15,"column":7}},"10":{"start":{"line":14,"column":8},"end":{"line":14,"column":64}},"11":{"start":{"line":16,"column":6},"end":{"line":16,"column":25}},"12":{"start":{"line":17,"column":6},"end":{"line":17,"column":13}},"13":{"start":{"line":19,"column":6},"end":{"line":19,"column":56}}},"fnMap":{"0":{"name":"(anonymous_0)","decl":{"start":{"line":5,"column":30},"end":{"line":5,"column":31}},"loc":{"start":{"line":5,"column":46},"end":{"line":22,"column":1}},"line":5},"1":{"name":"(anonymous_1)","decl":{"start":{"line":6,"column":9},"end":{"line":6,"column":10}},"loc":{"start":{"line":6,"column":29},"end":{"line":21,"column":3}},"line":6}},"branchMap":{"0":{"loc":{"start":{"line":3,"column":15},"end":{"line":3,"column":60}},"type":"binary-expr","locations":[{"start":{"line":3,"column":15},"end":{"line":3,"column":37}},{"start":{"line":3,"column":41},"end":{"line":3,"column":60}}],"line":3},"1":{"loc":{"start":{"line":5,"column":31},"end":{"line":5,"column":41}},"type":"default-arg","locations":[{"start":{"line":5,"column":39},"end":{"line":5,"column":41}}],"line":5},"2":{"loc":{"start":{"line":8,"column":4},"end":{"line":8,"column":75}},"type":"if","locations":[{"start":{"line":8,"column":4},"end":{"line":8,"column":75}},{"start":{},"end":{}}],"line":8},"3":{"loc":{"start":{"line":13,"column":6},"end":{"line":15,"column":7}},"type":"if","locations":[{"start":{"line":13,"column":6},"end":{"line":15,"column":7}},{"start":{},"end":{}}],"line":13},"4":{"loc":{"start":{"line":13,"column":10},"end":{"line":13,"column":54}},"type":"binary-expr","locations":[{"start":{"line":13,"column":10},"end":{"line":13,"column":22}},{"start":{"line":13,"column":26},"end":{"line":13,"column":54}}],"line":13}},"s":{"0":0,"1":0,"2":0,"3":0,"4":0,"5":0,"6":0,"7":0,"8":0,"9":0,"10":0,"11":0,"12":0,"13":0},"f":{"0":0,"1":0},"b":{"0":[0,0],"1":[0],"2":[0,0],"3":[0,0],"4":[0,0]}}
,"C:\\Users\\lucia\\OneDrive\\Documentos\\home-services-app\\DomestiApp\\backend\\models\\message.js": {"path":"C:\\Users\\lucia\\OneDrive\\Documentos\\home-services-app\\DomestiApp\\backend\\models\\message.js","statementMap":{"0":{"start":{"line":4,"column":4},"end":{"line":4,"column":17}},"1":{"start":{"line":5,"column":4},"end":{"line":5,"column":35}},"2":{"start":{"line":6,"column":4},"end":{"line":6,"column":41}},"3":{"start":{"line":7,"column":4},"end":{"line":7,"column":33}},"4":{"start":{"line":8,"column":4},"end":{"line":8,"column":31}},"5":{"start":{"line":9,"column":4},"end":{"line":9,"column":23}},"6":{"start":{"line":10,"column":4},"end":{"line":10,"column":21}},"7":{"start":{"line":11,"column":4},"end":{"line":11,"column":23}}},"fnMap":{"0":{"name":"(anonymous_0)","decl":{"start":{"line":3,"column":2},"end":{"line":3,"column":3}},"loc":{"start":{"line":3,"column":112},"end":{"line":12,"column":3}},"line":3}},"branchMap":{"0":{"loc":{"start":{"line":3,"column":79},"end":{"line":3,"column":93}},"type":"default-arg","locations":[{"start":{"line":3,"column":86},"end":{"line":3,"column":93}}],"line":3},"1":{"loc":{"start":{"line":3,"column":95},"end":{"line":3,"column":108}},"type":"default-arg","locations":[{"start":{"line":3,"column":103},"end":{"line":3,"column":108}}],"line":3}},"s":{"0":0,"1":0,"2":0,"3":0,"4":0,"5":0,"6":0,"7":0},"f":{"0":0},"b":{"0":[0],"1":[0]}}
,"C:\\Users\\lucia\\OneDrive\\Documentos\\home-services-app\\DomestiApp\\backend\\models\\professionalProfile.js": {"path":"C:\\Users\\lucia\\OneDrive\\Documentos\\home-services-app\\DomestiApp\\backend\\models\\professionalProfile.js","statementMap":{"0":{"start":{"line":4,"column":4},"end":{"line":4,"column":17}},"1":{"start":{"line":5,"column":4},"end":{"line":5,"column":25}},"2":{"start":{"line":6,"column":4},"end":{"line":6,"column":33}},"3":{"start":{"line":7,"column":4},"end":{"line":7,"column":43}},"4":{"start":{"line":8,"column":4},"end":{"line":8,"column":23}},"5":{"start":{"line":9,"column":4},"end":{"line":9,"column":27}}},"fnMap":{"0":{"name":"(anonymous_0)","decl":{"start":{"line":3,"column":2},"end":{"line":3,"column":3}},"loc":{"start":{"line":3,"column":75},"end":{"line":10,"column":3}},"line":3}},"branchMap":{},"s":{"0":0,"1":0,"2":0,"3":0,"4":0,"5":0},"f":{"0":0},"b":{}}
,"C:\\Users\\lucia\\OneDrive\\Documentos\\home-services-app\\DomestiApp\\backend\\models\\review.js": {"path":"C:\\Users\\lucia\\OneDrive\\Documentos\\home-services-app\\DomestiApp\\backend\\models\\review.js","statementMap":{"0":{"start":{"line":4,"column":4},"end":{"line":4,"column":17}},"1":{"start":{"line":5,"column":4},"end":{"line":5,"column":31}},"2":{"start":{"line":6,"column":4},"end":{"line":6,"column":39}},"3":{"start":{"line":7,"column":4},"end":{"line":7,"column":33}},"4":{"start":{"line":8,"column":4},"end":{"line":8,"column":25}},"5":{"start":{"line":9,"column":4},"end":{"line":9,"column":33}},"6":{"start":{"line":10,"column":4},"end":{"line":10,"column":23}}},"fnMap":{"0":{"name":"(anonymous_0)","decl":{"start":{"line":3,"column":2},"end":{"line":3,"column":3}},"loc":{"start":{"line":3,"column":87},"end":{"line":11,"column":3}},"line":3}},"branchMap":{},"s":{"0":0,"1":0,"2":0,"3":0,"4":0,"5":0,"6":0},"f":{"0":0},"b":{}}
,"C:\\Users\\lucia\\OneDrive\\Documentos\\home-services-app\\DomestiApp\\backend\\models\\serviceCategory.js": {"path":"C:\\Users\\lucia\\OneDrive\\Documentos\\home-services-app\\DomestiApp\\backend\\models\\serviceCategory.js","statementMap":{"0":{"start":{"line":4,"column":4},"end":{"line":4,"column":17}},"1":{"start":{"line":5,"column":4},"end":{"line":5,"column":25}},"2":{"start":{"line":6,"column":4},"end":{"line":6,"column":35}}},"fnMap":{"0":{"name":"(anonymous_0)","decl":{"start":{"line":3,"column":2},"end":{"line":3,"column":3}},"loc":{"start":{"line":3,"column":43},"end":{"line":7,"column":3}},"line":3}},"branchMap":{},"s":{"0":0,"1":0,"2":0},"f":{"0":0},"b":{}}
,"C:\\Users\\lucia\\OneDrive\\Documentos\\home-services-app\\DomestiApp\\backend\\models\\serviceRequest.js": {"path":"C:\\Users\\lucia\\OneDrive\\Documentos\\home-services-app\\DomestiApp\\backend\\models\\serviceRequest.js","statementMap":{"0":{"start":{"line":6,"column":4},"end":{"line":6,"column":34}},"1":{"start":{"line":7,"column":4},"end":{"line":7,"column":36}},"2":{"start":{"line":8,"column":4},"end":{"line":8,"column":52}},"3":{"start":{"line":9,"column":4},"end":{"line":9,"column":42}},"4":{"start":{"line":10,"column":4},"end":{"line":10,"column":40}},"5":{"start":{"line":11,"column":4},"end":{"line":11,"column":36}},"6":{"start":{"line":12,"column":4},"end":{"line":12,"column":34}},"7":{"start":{"line":13,"column":4},"end":{"line":13,"column":62}},"8":{"start":{"line":14,"column":4},"end":{"line":14,"column":45}},"9":{"start":{"line":15,"column":4},"end":{"line":15,"column":74}},"10":{"start":{"line":16,"column":4},"end":{"line":16,"column":56}},"11":{"start":{"line":17,"column":4},"end":{"line":17,"column":50}},"12":{"start":{"line":18,"column":4},"end":{"line":18,"column":46}},"13":{"start":{"line":19,"column":4},"end":{"line":19,"column":53}},"14":{"start":{"line":20,"column":4},"end":{"line":20,"column":42}},"15":{"start":{"line":24,"column":4},"end":{"line":40,"column":6}}},"fnMap":{"0":{"name":"(anonymous_0)","decl":{"start":{"line":5,"column":2},"end":{"line":5,"column":3}},"loc":{"start":{"line":5,"column":20},"end":{"line":21,"column":3}},"line":5},"1":{"name":"(anonymous_1)","decl":{"start":{"line":23,"column":2},"end":{"line":23,"column":3}},"loc":{"start":{"line":23,"column":11},"end":{"line":41,"column":3}},"line":23}},"branchMap":{"0":{"loc":{"start":{"line":6,"column":14},"end":{"line":6,"column":33}},"type":"binary-expr","locations":[{"start":{"line":6,"column":14},"end":{"line":6,"column":21}},{"start":{"line":6,"column":25},"end":{"line":6,"column":33}}],"line":6},"1":{"loc":{"start":{"line":8,"column":25},"end":{"line":8,"column":51}},"type":"binary-expr","locations":[{"start":{"line":8,"column":25},"end":{"line":8,"column":43}},{"start":{"line":8,"column":47},"end":{"line":8,"column":51}}],"line":8},"2":{"loc":{"start":{"line":12,"column":17},"end":{"line":12,"column":33}},"type":"binary-expr","locations":[{"start":{"line":12,"column":17},"end":{"line":12,"column":27}},{"start":{"line":12,"column":31},"end":{"line":12,"column":33}}],"line":12},"3":{"loc":{"start":{"line":13,"column":30},"end":{"line":13,"column":61}},"type":"binary-expr","locations":[{"start":{"line":13,"column":30},"end":{"line":13,"column":53}},{"start":{"line":13,"column":57},"end":{"line":13,"column":61}}],"line":13},"4":{"loc":{"start":{"line":14,"column":18},"end":{"line":14,"column":44}},"type":"binary-expr","locations":[{"start":{"line":14,"column":18},"end":{"line":14,"column":29}},{"start":{"line":14,"column":33},"end":{"line":14,"column":44}}],"line":14},"5":{"loc":{"start":{"line":15,"column":26},"end":{"line":15,"column":73}},"type":"binary-expr","locations":[{"start":{"line":15,"column":26},"end":{"line":15,"column":45}},{"start":{"line":15,"column":49},"end":{"line":15,"column":73}}],"line":15},"6":{"loc":{"start":{"line":16,"column":27},"end":{"line":16,"column":55}},"type":"binary-expr","locations":[{"start":{"line":16,"column":27},"end":{"line":16,"column":47}},{"start":{"line":16,"column":51},"end":{"line":16,"column":55}}],"line":16},"7":{"loc":{"start":{"line":17,"column":24},"end":{"line":17,"column":49}},"type":"binary-expr","locations":[{"start":{"line":17,"column":24},"end":{"line":17,"column":41}},{"start":{"line":17,"column":45},"end":{"line":17,"column":49}}],"line":17},"8":{"loc":{"start":{"line":18,"column":22},"end":{"line":18,"column":45}},"type":"binary-expr","locations":[{"start":{"line":18,"column":22},"end":{"line":18,"column":37}},{"start":{"line":18,"column":41},"end":{"line":18,"column":45}}],"line":18},"9":{"loc":{"start":{"line":19,"column":22},"end":{"line":19,"column":52}},"type":"binary-expr","locations":[{"start":{"line":19,"column":22},"end":{"line":19,"column":37}},{"start":{"line":19,"column":41},"end":{"line":19,"column":52}}],"line":19},"10":{"loc":{"start":{"line":20,"column":20},"end":{"line":20,"column":41}},"type":"binary-expr","locations":[{"start":{"line":20,"column":20},"end":{"line":20,"column":33}},{"start":{"line":20,"column":37},"end":{"line":20,"column":41}}],"line":20}},"s":{"0":0,"1":0,"2":0,"3":0,"4":0,"5":0,"6":0,"7":0,"8":0,"9":0,"10":0,"11":0,"12":0,"13":0,"14":0,"15":0},"f":{"0":0,"1":0},"b":{"0":[0,0],"1":[0,0],"2":[0,0],"3":[0,0],"4":[0,0],"5":[0,0],"6":[0,0],"7":[0,0],"8":[0,0],"9":[0,0],"10":[0,0]}}
,"C:\\Users\\lucia\\OneDrive\\Documentos\\home-services-app\\DomestiApp\\backend\\models\\transaction.js": {"path":"C:\\Users\\lucia\\OneDrive\\Documentos\\home-services-app\\DomestiApp\\backend\\models\\transaction.js","statementMap":{"0":{"start":{"line":4,"column":4},"end":{"line":4,"column":17}},"1":{"start":{"line":5,"column":4},"end":{"line":5,"column":31}},"2":{"start":{"line":6,"column":4},"end":{"line":6,"column":39}},"3":{"start":{"line":7,"column":4},"end":{"line":7,"column":33}},"4":{"start":{"line":8,"column":4},"end":{"line":8,"column":33}},"5":{"start":{"line":9,"column":4},"end":{"line":9,"column":39}},"6":{"start":{"line":10,"column":4},"end":{"line":10,"column":45}},"7":{"start":{"line":11,"column":4},"end":{"line":11,"column":25}},"8":{"start":{"line":12,"column":4},"end":{"line":12,"column":23}}},"fnMap":{"0":{"name":"(anonymous_0)","decl":{"start":{"line":3,"column":2},"end":{"line":3,"column":3}},"loc":{"start":{"line":3,"column":120},"end":{"line":13,"column":3}},"line":3}},"branchMap":{},"s":{"0":0,"1":0,"2":0,"3":0,"4":0,"5":0,"6":0,"7":0,"8":0},"f":{"0":0},"b":{}}
,"C:\\Users\\lucia\\OneDrive\\Documentos\\home-services-app\\DomestiApp\\backend\\models\\user.js": {"path":"C:\\Users\\lucia\\OneDrive\\Documentos\\home-services-app\\DomestiApp\\backend\\models\\user.js","statementMap":{"0":{"start":{"line":6,"column":4},"end":{"line":6,"column":34}},"1":{"start":{"line":7,"column":4},"end":{"line":7,"column":30}},"2":{"start":{"line":8,"column":4},"end":{"line":8,"column":28}},"3":{"start":{"line":9,"column":4},"end":{"line":9,"column":34}},"4":{"start":{"line":10,"column":4},"end":{"line":10,"column":37}},"5":{"start":{"line":11,"column":4},"end":{"line":11,"column":44}},"6":{"start":{"line":12,"column":4},"end":{"line":12,"column":42}},"7":{"start":{"line":13,"column":4},"end":{"line":13,"column":46}},"8":{"start":{"line":14,"column":4},"end":{"line":14,"column":62}},"9":{"start":{"line":18,"column":49},"end":{"line":18,"column":53}},"10":{"start":{"line":19,"column":4},"end":{"line":19,"column":31}}},"fnMap":{"0":{"name":"(anonymous_0)","decl":{"start":{"line":5,"column":2},"end":{"line":5,"column":3}},"loc":{"start":{"line":5,"column":20},"end":{"line":15,"column":3}},"line":5},"1":{"name":"(anonymous_1)","decl":{"start":{"line":17,"column":2},"end":{"line":17,"column":3}},"loc":{"start":{"line":17,"column":11},"end":{"line":20,"column":3}},"line":17}},"branchMap":{"0":{"loc":{"start":{"line":6,"column":14},"end":{"line":6,"column":33}},"type":"binary-expr","locations":[{"start":{"line":6,"column":14},"end":{"line":6,"column":21}},{"start":{"line":6,"column":25},"end":{"line":6,"column":33}}],"line":6},"1":{"loc":{"start":{"line":10,"column":15},"end":{"line":10,"column":36}},"type":"binary-expr","locations":[{"start":{"line":10,"column":15},"end":{"line":10,"column":23}},{"start":{"line":10,"column":27},"end":{"line":10,"column":36}}],"line":10},"2":{"loc":{"start":{"line":11,"column":21},"end":{"line":11,"column":43}},"type":"binary-expr","locations":[{"start":{"line":11,"column":21},"end":{"line":11,"column":35}},{"start":{"line":11,"column":39},"end":{"line":11,"column":43}}],"line":11},"3":{"loc":{"start":{"line":12,"column":20},"end":{"line":12,"column":41}},"type":"binary-expr","locations":[{"start":{"line":12,"column":20},"end":{"line":12,"column":33}},{"start":{"line":12,"column":37},"end":{"line":12,"column":41}}],"line":12},"4":{"loc":{"start":{"line":13,"column":23},"end":{"line":13,"column":45}},"type":"binary-expr","locations":[{"start":{"line":13,"column":23},"end":{"line":13,"column":39}},{"start":{"line":13,"column":43},"end":{"line":13,"column":45}}],"line":13},"5":{"loc":{"start":{"line":14,"column":20},"end":{"line":14,"column":61}},"type":"binary-expr","locations":[{"start":{"line":14,"column":20},"end":{"line":14,"column":33}},{"start":{"line":14,"column":37},"end":{"line":14,"column":61}}],"line":14}},"s":{"0":0,"1":0,"2":0,"3":0,"4":0,"5":0,"6":0,"7":0,"8":0,"9":0,"10":0},"f":{"0":0,"1":0},"b":{"0":[0,0],"1":[0,0],"2":[0,0],"3":[0,0],"4":[0,0],"5":[0,0]}}
,"C:\\Users\\lucia\\OneDrive\\Documentos\\home-services-app\\DomestiApp\\backend\\models\\worker.js": {"path":"C:\\Users\\lucia\\OneDrive\\Documentos\\home-services-app\\DomestiApp\\backend\\models\\worker.js","statementMap":{"0":{"start":{"line":6,"column":4},"end":{"line":6,"column":34}},"1":{"start":{"line":7,"column":4},"end":{"line":7,"column":38}},"2":{"start":{"line":8,"column":4},"end":{"line":8,"column":30}},"3":{"start":{"line":9,"column":4},"end":{"line":9,"column":30}},"4":{"start":{"line":10,"column":4},"end":{"line":10,"column":48}},"5":{"start":{"line":11,"column":4},"end":{"line":11,"column":48}},"6":{"start":{"line":12,"column":4},"end":{"line":12,"column":40}},"7":{"start":{"line":13,"column":4},"end":{"line":13,"column":44}},"8":{"start":{"line":14,"column":4},"end":{"line":14,"column":34}},"9":{"start":{"line":15,"column":4},"end":{"line":15,"column":38}},"10":{"start":{"line":16,"column":4},"end":{"line":16,"column":67}},"11":{"start":{"line":17,"column":4},"end":{"line":17,"column":32}},"12":{"start":{"line":18,"column":4},"end":{"line":18,"column":47}},"13":{"start":{"line":19,"column":4},"end":{"line":19,"column":62}},"14":{"start":{"line":23,"column":4},"end":{"line":38,"column":6}}},"fnMap":{"0":{"name":"(anonymous_0)","decl":{"start":{"line":5,"column":2},"end":{"line":5,"column":3}},"loc":{"start":{"line":5,"column":20},"end":{"line":20,"column":3}},"line":5},"1":{"name":"(anonymous_1)","decl":{"start":{"line":22,"column":2},"end":{"line":22,"column":3}},"loc":{"start":{"line":22,"column":11},"end":{"line":39,"column":3}},"line":22}},"branchMap":{"0":{"loc":{"start":{"line":6,"column":14},"end":{"line":6,"column":33}},"type":"binary-expr","locations":[{"start":{"line":6,"column":14},"end":{"line":6,"column":21}},{"start":{"line":6,"column":25},"end":{"line":6,"column":33}}],"line":6},"1":{"loc":{"start":{"line":7,"column":18},"end":{"line":7,"column":37}},"type":"binary-expr","locations":[{"start":{"line":7,"column":18},"end":{"line":7,"column":29}},{"start":{"line":7,"column":33},"end":{"line":7,"column":37}}],"line":7},"2":{"loc":{"start":{"line":10,"column":23},"end":{"line":10,"column":47}},"type":"binary-expr","locations":[{"start":{"line":10,"column":23},"end":{"line":10,"column":39}},{"start":{"line":10,"column":43},"end":{"line":10,"column":47}}],"line":10},"3":{"loc":{"start":{"line":11,"column":23},"end":{"line":11,"column":47}},"type":"binary-expr","locations":[{"start":{"line":11,"column":23},"end":{"line":11,"column":39}},{"start":{"line":11,"column":43},"end":{"line":11,"column":47}}],"line":11},"4":{"loc":{"start":{"line":12,"column":20},"end":{"line":12,"column":39}},"type":"binary-expr","locations":[{"start":{"line":12,"column":20},"end":{"line":12,"column":33}},{"start":{"line":12,"column":37},"end":{"line":12,"column":39}}],"line":12},"5":{"loc":{"start":{"line":13,"column":21},"end":{"line":13,"column":43}},"type":"binary-expr","locations":[{"start":{"line":13,"column":21},"end":{"line":13,"column":35}},{"start":{"line":13,"column":39},"end":{"line":13,"column":43}}],"line":13},"6":{"loc":{"start":{"line":15,"column":18},"end":{"line":15,"column":37}},"type":"binary-expr","locations":[{"start":{"line":15,"column":18},"end":{"line":15,"column":29}},{"start":{"line":15,"column":33},"end":{"line":15,"column":37}}],"line":15},"7":{"loc":{"start":{"line":16,"column":26},"end":{"line":16,"column":66}},"type":"binary-expr","locations":[{"start":{"line":16,"column":26},"end":{"line":16,"column":45}},{"start":{"line":16,"column":49},"end":{"line":16,"column":66}}],"line":16},"8":{"loc":{"start":{"line":17,"column":15},"end":{"line":17,"column":31}},"type":"binary-expr","locations":[{"start":{"line":17,"column":15},"end":{"line":17,"column":23}},{"start":{"line":17,"column":27},"end":{"line":17,"column":31}}],"line":17},"9":{"loc":{"start":{"line":18,"column":22},"end":{"line":18,"column":46}},"type":"binary-expr","locations":[{"start":{"line":18,"column":22},"end":{"line":18,"column":37}},{"start":{"line":18,"column":41},"end":{"line":18,"column":46}}],"line":18},"10":{"loc":{"start":{"line":19,"column":20},"end":{"line":19,"column":61}},"type":"binary-expr","locations":[{"start":{"line":19,"column":20},"end":{"line":19,"column":33}},{"start":{"line":19,"column":37},"end":{"line":19,"column":61}}],"line":19}},"s":{"0":0,"1":0,"2":0,"3":0,"4":0,"5":0,"6":0,"7":0,"8":0,"9":0,"10":0,"11":0,"12":0,"13":0,"14":0},"f":{"0":0,"1":0},"b":{"0":[0,0],"1":[0,0],"2":[0,0],"3":[0,0],"4":[0,0],"5":[0,0],"6":[0,0],"7":[0,0],"8":[0,0],"9":[0,0],"10":[0,0]}}
,"C:\\Users\\lucia\\OneDrive\\Documentos\\home-services-app\\DomestiApp\\backend\\routes\\adminRoutes.js": {"path":"C:\\Users\\lucia\\OneDrive\\Documentos\\home-services-app\\DomestiApp\\backend\\routes\\adminRoutes.js","statementMap":{"0":{"start":{"line":14,"column":15},"end":{"line":14,"column":31}},"1":{"start":{"line":17,"column":0},"end":{"line":17,"column":64}},"2":{"start":{"line":18,"column":0},"end":{"line":18,"column":65}},"3":{"start":{"line":19,"column":0},"end":{"line":19,"column":76}},"4":{"start":{"line":20,"column":0},"end":{"line":20,"column":65}},"5":{"start":{"line":21,"column":0},"end":{"line":21,"column":70}},"6":{"start":{"line":22,"column":0},"end":{"line":22,"column":75}},"7":{"start":{"line":23,"column":0},"end":{"line":23,"column":90}},"8":{"start":{"line":24,"column":0},"end":{"line":24,"column":68}}},"fnMap":{},"branchMap":{},"s":{"0":0,"1":0,"2":0,"3":0,"4":0,"5":0,"6":0,"7":0,"8":0},"f":{},"b":{}}
,"C:\\Users\\lucia\\OneDrive\\Documentos\\home-services-app\\DomestiApp\\backend\\routes\\chatRoutes.js": {"path":"C:\\Users\\lucia\\OneDrive\\Documentos\\home-services-app\\DomestiApp\\backend\\routes\\chatRoutes.js","statementMap":{"0":{"start":{"line":5,"column":15},"end":{"line":5,"column":31}},"1":{"start":{"line":8,"column":0},"end":{"line":8,"column":74}},"2":{"start":{"line":11,"column":0},"end":{"line":11,"column":52}},"3":{"start":{"line":14,"column":0},"end":{"line":14,"column":69}}},"fnMap":{},"branchMap":{},"s":{"0":0,"1":0,"2":0,"3":0},"f":{},"b":{}}
,"C:\\Users\\lucia\\OneDrive\\Documentos\\home-services-app\\DomestiApp\\backend\\routes\\paymentRoutes.js": {"path":"C:\\Users\\lucia\\OneDrive\\Documentos\\home-services-app\\DomestiApp\\backend\\routes\\paymentRoutes.js","statementMap":{"0":{"start":{"line":5,"column":15},"end":{"line":5,"column":31}},"1":{"start":{"line":7,"column":0},"end":{"line":7,"column":72}},"2":{"start":{"line":8,"column":0},"end":{"line":8,"column":76}},"3":{"start":{"line":9,"column":0},"end":{"line":9,"column":81}}},"fnMap":{},"branchMap":{},"s":{"0":0,"1":0,"2":0,"3":0},"f":{},"b":{}}
,"C:\\Users\\lucia\\OneDrive\\Documentos\\home-services-app\\DomestiApp\\backend\\routes\\serviceRoutes.js": {"path":"C:\\Users\\lucia\\OneDrive\\Documentos\\home-services-app\\DomestiApp\\backend\\routes\\serviceRoutes.js","statementMap":{"0":{"start":{"line":12,"column":15},"end":{"line":12,"column":31}},"1":{"start":{"line":15,"column":0},"end":{"line":15,"column":54}},"2":{"start":{"line":18,"column":0},"end":{"line":18,"column":57}},"3":{"start":{"line":21,"column":0},"end":{"line":21,"column":60}},"4":{"start":{"line":24,"column":0},"end":{"line":24,"column":91}},"5":{"start":{"line":27,"column":0},"end":{"line":27,"column":91}},"6":{"start":{"line":30,"column":0},"end":{"line":30,"column":87}}},"fnMap":{},"branchMap":{},"s":{"0":0,"1":0,"2":0,"3":0,"4":0,"5":0,"6":0},"f":{},"b":{}}
,"C:\\Users\\lucia\\OneDrive\\Documentos\\home-services-app\\DomestiApp\\backend\\routes\\uploadRoutes.js": {"path":"C:\\Users\\lucia\\OneDrive\\Documentos\\home-services-app\\DomestiApp\\backend\\routes\\uploadRoutes.js","statementMap":{"0":{"start":{"line":6,"column":15},"end":{"line":6,"column":31}},"1":{"start":{"line":8,"column":0},"end":{"line":37,"column":3}},"2":{"start":{"line":9,"column":2},"end":{"line":36,"column":3}},"3":{"start":{"line":10,"column":24},"end":{"line":10,"column":32}},"4":{"start":{"line":11,"column":4},"end":{"line":13,"column":5}},"5":{"start":{"line":12,"column":6},"end":{"line":12,"column":75}},"6":{"start":{"line":15,"column":18},"end":{"line":15,"column":78}},"7":{"start":{"line":16,"column":4},"end":{"line":18,"column":5}},"8":{"start":{"line":17,"column":6},"end":{"line":17,"column":78}},"9":{"start":{"line":20,"column":21},"end":{"line":20,"column":29}},"10":{"start":{"line":21,"column":22},"end":{"line":21,"column":30}},"11":{"start":{"line":22,"column":16},"end":{"line":22,"column":47}},"12":{"start":{"line":23,"column":21},"end":{"line":23,"column":78}},"13":{"start":{"line":24,"column":22},"end":{"line":24,"column":45}},"14":{"start":{"line":25,"column":21},"end":{"line":25,"column":51}},"15":{"start":{"line":27,"column":4},"end":{"line":27,"column":51}},"16":{"start":{"line":28,"column":4},"end":{"line":28,"column":67}},"17":{"start":{"line":30,"column":4},"end":{"line":33,"column":7}},"18":{"start":{"line":35,"column":4},"end":{"line":35,"column":94}}},"fnMap":{"0":{"name":"(anonymous_0)","decl":{"start":{"line":8,"column":47},"end":{"line":8,"column":48}},"loc":{"start":{"line":8,"column":67},"end":{"line":37,"column":1}},"line":8}},"branchMap":{"0":{"loc":{"start":{"line":11,"column":4},"end":{"line":13,"column":5}},"type":"if","locations":[{"start":{"line":11,"column":4},"end":{"line":13,"column":5}},{"start":{},"end":{}}],"line":11},"1":{"loc":{"start":{"line":11,"column":8},"end":{"line":11,"column":85}},"type":"binary-expr","locations":[{"start":{"line":11,"column":8},"end":{"line":11,"column":16}},{"start":{"line":11,"column":20},"end":{"line":11,"column":47}},{"start":{"line":11,"column":51},"end":{"line":11,"column":85}}],"line":11},"2":{"loc":{"start":{"line":16,"column":4},"end":{"line":18,"column":5}},"type":"if","locations":[{"start":{"line":16,"column":4},"end":{"line":18,"column":5}},{"start":{},"end":{}}],"line":16},"3":{"loc":{"start":{"line":22,"column":16},"end":{"line":22,"column":47}},"type":"binary-expr","locations":[{"start":{"line":22,"column":16},"end":{"line":22,"column":38}},{"start":{"line":22,"column":42},"end":{"line":22,"column":47}}],"line":22}},"s":{"0":0,"1":0,"2":0,"3":0,"4":0,"5":0,"6":0,"7":0,"8":0,"9":0,"10":0,"11":0,"12":0,"13":0,"14":0,"15":0,"16":0,"17":0,"18":0},"f":{"0":0},"b":{"0":[0,0],"1":[0,0,0],"2":[0,0],"3":[0,0]}}
,"C:\\Users\\lucia\\OneDrive\\Documentos\\home-services-app\\DomestiApp\\backend\\routes\\userRoutes.js": {"path":"C:\\Users\\lucia\\OneDrive\\Documentos\\home-services-app\\DomestiApp\\backend\\routes\\userRoutes.js","statementMap":{"0":{"start":{"line":5,"column":15},"end":{"line":5,"column":31}},"1":{"start":{"line":7,"column":0},"end":{"line":7,"column":35}},"2":{"start":{"line":8,"column":0},"end":{"line":8,"column":29}},"3":{"start":{"line":9,"column":0},"end":{"line":9,"column":53}},"4":{"start":{"line":10,"column":0},"end":{"line":10,"column":56}}},"fnMap":{},"branchMap":{},"s":{"0":0,"1":0,"2":0,"3":0,"4":0},"f":{},"b":{}}
,"C:\\Users\\lucia\\OneDrive\\Documentos\\home-services-app\\DomestiApp\\backend\\routes\\workerRoutes.js": {"path":"C:\\Users\\lucia\\OneDrive\\Documentos\\home-services-app\\DomestiApp\\backend\\routes\\workerRoutes.js","statementMap":{"0":{"start":{"line":12,"column":15},"end":{"line":12,"column":31}},"1":{"start":{"line":14,"column":0},"end":{"line":14,"column":28}},"2":{"start":{"line":15,"column":0},"end":{"line":15,"column":73}},"3":{"start":{"line":16,"column":0},"end":{"line":16,"column":73}},"4":{"start":{"line":17,"column":0},"end":{"line":17,"column":34}},"5":{"start":{"line":18,"column":0},"end":{"line":18,"column":75}},"6":{"start":{"line":19,"column":0},"end":{"line":19,"column":63}}},"fnMap":{},"branchMap":{},"s":{"0":0,"1":0,"2":0,"3":0,"4":0,"5":0,"6":0},"f":{},"b":{}}
}
